2014-07-03 18:03:59,897 [Worker-26] INFO  c.n.h.c.p.n.NettyAsyncHttpProvider - Number of application's worked threads is 16
2014-07-03 18:04:00,736 [New I/O client worker #1-1] INFO  o.e.m.c.i.e.AbstractTransferListenerAdapter - Downloading http://repo.maven.apache.org/maven2/org/apache/maven/plugins/maven-compiler-plugin/2.5.1/maven-compiler-plugin-2.5.1.jar
2014-07-03 18:04:01,081 [New I/O client worker #1-1] INFO  o.e.m.c.i.e.AbstractTransferListenerAdapter - Downloaded http://repo.maven.apache.org/maven2/org/apache/maven/plugins/maven-compiler-plugin/2.5.1/maven-compiler-plugin-2.5.1.jar
2014-07-03 18:04:01,392 [Worker-26] WARN  o.e.m.c.i.embedder.EclipseLogger - Failed to dispatch repository event to org.eclipse.m2e.core.internal.embedder.EclipseRepositoryListener: null
2014-07-03 18:04:01,417 [Worker-26] INFO  c.n.h.c.p.n.NettyAsyncHttpProvider - Number of application's worked threads is 16
2014-07-03 18:04:01,452 [Worker-27] INFO  c.n.h.c.p.n.NettyAsyncHttpProvider - Number of application's worked threads is 16
2014-07-03 18:04:01,876 [New I/O client worker #3-1] INFO  o.e.m.c.i.e.AbstractTransferListenerAdapter - Downloading http://repo.maven.apache.org/maven2/org/apache/maven/plugins/maven-war-plugin/2.1.1/maven-war-plugin-2.1.1.jar
2014-07-03 18:04:01,902 [New I/O client worker #2-1] INFO  o.e.m.c.i.e.AbstractTransferListenerAdapter - Downloading http://repo.maven.apache.org/maven2/org/apache/maven/plugins/maven-war-plugin/2.1.1/maven-war-plugin-2.1.1.jar
2014-07-03 18:04:03,125 [New I/O client worker #2-1] INFO  o.e.m.c.i.e.AbstractTransferListenerAdapter - Downloaded http://repo.maven.apache.org/maven2/org/apache/maven/plugins/maven-war-plugin/2.1.1/maven-war-plugin-2.1.1.jar
2014-07-03 18:04:03,125 [New I/O client worker #3-1] INFO  o.e.m.c.i.e.AbstractTransferListenerAdapter - Downloaded http://repo.maven.apache.org/maven2/org/apache/maven/plugins/maven-war-plugin/2.1.1/maven-war-plugin-2.1.1.jar
2014-07-03 18:04:03,414 [Worker-27] INFO  c.n.h.c.p.n.NettyAsyncHttpProvider - Number of application's worked threads is 16
2014-07-03 18:04:03,777 [New I/O client worker #4-1] INFO  o.e.m.c.i.e.AbstractTransferListenerAdapter - Downloading http://repo.maven.apache.org/maven2/org/apache/maven/plugins/maven-compiler-plugin/2.5.1/maven-compiler-plugin-2.5.1.pom
2014-07-03 18:04:03,780 [New I/O client worker #4-1] INFO  o.e.m.c.i.e.AbstractTransferListenerAdapter - Downloaded http://repo.maven.apache.org/maven2/org/apache/maven/plugins/maven-compiler-plugin/2.5.1/maven-compiler-plugin-2.5.1.pom
2014-07-03 18:04:03,978 [Worker-27] INFO  c.n.h.c.p.n.NettyAsyncHttpProvider - Number of application's worked threads is 16
2014-07-03 18:04:04,694 [New I/O client worker #5-1] INFO  o.e.m.c.i.e.AbstractTransferListenerAdapter - Downloading http://repo.maven.apache.org/maven2/org/apache/maven/plugins/maven-plugins/22/maven-plugins-22.pom
2014-07-03 18:04:04,697 [New I/O client worker #5-1] INFO  o.e.m.c.i.e.AbstractTransferListenerAdapter - Downloaded http://repo.maven.apache.org/maven2/org/apache/maven/plugins/maven-plugins/22/maven-plugins-22.pom
2014-07-03 18:04:05,715 [Worker-27] INFO  c.n.h.c.p.n.NettyAsyncHttpProvider - Number of application's worked threads is 16
2014-07-03 18:04:06,124 [New I/O client worker #6-1] INFO  o.e.m.c.i.e.AbstractTransferListenerAdapter - Downloading http://repo.maven.apache.org/maven2/org/codehaus/plexus/plexus-compiler-api/1.9.1/plexus-compiler-api-1.9.1.pom
2014-07-03 18:04:06,125 [New I/O client worker #6-1] INFO  o.e.m.c.i.e.AbstractTransferListenerAdapter - Downloaded http://repo.maven.apache.org/maven2/org/codehaus/plexus/plexus-compiler-api/1.9.1/plexus-compiler-api-1.9.1.pom
2014-07-03 18:04:06,482 [Worker-27] INFO  c.n.h.c.p.n.NettyAsyncHttpProvider - Number of application's worked threads is 16
2014-07-03 18:04:06,952 [New I/O client worker #7-1] INFO  o.e.m.c.i.e.AbstractTransferListenerAdapter - Downloading http://repo.maven.apache.org/maven2/org/codehaus/plexus/plexus-compiler/1.9.1/plexus-compiler-1.9.1.pom
2014-07-03 18:04:06,955 [New I/O client worker #7-1] INFO  o.e.m.c.i.e.AbstractTransferListenerAdapter - Downloaded http://repo.maven.apache.org/maven2/org/codehaus/plexus/plexus-compiler/1.9.1/plexus-compiler-1.9.1.pom
2014-07-03 18:04:07,229 [Worker-27] INFO  c.n.h.c.p.n.NettyAsyncHttpProvider - Number of application's worked threads is 16
2014-07-03 18:04:07,694 [New I/O client worker #8-1] INFO  o.e.m.c.i.e.AbstractTransferListenerAdapter - Downloading http://repo.maven.apache.org/maven2/org/codehaus/plexus/plexus-compiler-manager/1.9.1/plexus-compiler-manager-1.9.1.pom
2014-07-03 18:04:07,697 [New I/O client worker #8-1] INFO  o.e.m.c.i.e.AbstractTransferListenerAdapter - Downloaded http://repo.maven.apache.org/maven2/org/codehaus/plexus/plexus-compiler-manager/1.9.1/plexus-compiler-manager-1.9.1.pom
2014-07-03 18:04:07,956 [Worker-27] INFO  c.n.h.c.p.n.NettyAsyncHttpProvider - Number of application's worked threads is 16
2014-07-03 18:04:08,321 [New I/O client worker #9-1] INFO  o.e.m.c.i.e.AbstractTransferListenerAdapter - Downloading http://repo.maven.apache.org/maven2/org/codehaus/plexus/plexus-compiler-javac/1.9.1/plexus-compiler-javac-1.9.1.pom
2014-07-03 18:04:08,323 [New I/O client worker #9-1] INFO  o.e.m.c.i.e.AbstractTransferListenerAdapter - Downloaded http://repo.maven.apache.org/maven2/org/codehaus/plexus/plexus-compiler-javac/1.9.1/plexus-compiler-javac-1.9.1.pom
2014-07-03 18:04:08,525 [Worker-27] INFO  c.n.h.c.p.n.NettyAsyncHttpProvider - Number of application's worked threads is 16
2014-07-03 18:04:08,941 [New I/O client worker #10-1] INFO  o.e.m.c.i.e.AbstractTransferListenerAdapter - Downloading http://repo.maven.apache.org/maven2/org/codehaus/plexus/plexus-compilers/1.9.1/plexus-compilers-1.9.1.pom
2014-07-03 18:04:08,943 [New I/O client worker #10-1] INFO  o.e.m.c.i.e.AbstractTransferListenerAdapter - Downloaded http://repo.maven.apache.org/maven2/org/codehaus/plexus/plexus-compilers/1.9.1/plexus-compilers-1.9.1.pom
2014-07-03 18:04:09,195 [Worker-27] INFO  c.n.h.c.p.n.NettyAsyncHttpProvider - Number of application's worked threads is 16
2014-07-03 18:04:09,560 [New I/O client worker #11-1] INFO  o.e.m.c.i.e.AbstractTransferListenerAdapter - Downloading http://repo.maven.apache.org/maven2/org/codehaus/plexus/plexus-utils/3.0/plexus-utils-3.0.jar
2014-07-03 18:04:09,562 [New I/O client worker #11-2] INFO  o.e.m.c.i.e.AbstractTransferListenerAdapter - Downloading http://repo.maven.apache.org/maven2/org/codehaus/plexus/plexus-compiler-api/1.9.1/plexus-compiler-api-1.9.1.jar
2014-07-03 18:04:09,572 [New I/O client worker #11-3] INFO  o.e.m.c.i.e.AbstractTransferListenerAdapter - Downloading http://repo.maven.apache.org/maven2/org/codehaus/plexus/plexus-compiler-manager/1.9.1/plexus-compiler-manager-1.9.1.jar
2014-07-03 18:04:09,575 [New I/O client worker #11-3] INFO  o.e.m.c.i.e.AbstractTransferListenerAdapter - Downloaded http://repo.maven.apache.org/maven2/org/codehaus/plexus/plexus-compiler-manager/1.9.1/plexus-compiler-manager-1.9.1.jar
2014-07-03 18:04:09,676 [New I/O client worker #11-4] INFO  o.e.m.c.i.e.AbstractTransferListenerAdapter - Downloading http://repo.maven.apache.org/maven2/org/codehaus/plexus/plexus-compiler-javac/1.9.1/plexus-compiler-javac-1.9.1.jar
2014-07-03 18:04:09,744 [New I/O client worker #11-2] INFO  o.e.m.c.i.e.AbstractTransferListenerAdapter - Downloaded http://repo.maven.apache.org/maven2/org/codehaus/plexus/plexus-compiler-api/1.9.1/plexus-compiler-api-1.9.1.jar
2014-07-03 18:04:09,908 [New I/O client worker #11-4] INFO  o.e.m.c.i.e.AbstractTransferListenerAdapter - Downloaded http://repo.maven.apache.org/maven2/org/codehaus/plexus/plexus-compiler-javac/1.9.1/plexus-compiler-javac-1.9.1.jar
2014-07-03 18:04:10,629 [New I/O client worker #11-1] INFO  o.e.m.c.i.e.AbstractTransferListenerAdapter - Downloaded http://repo.maven.apache.org/maven2/org/codehaus/plexus/plexus-utils/3.0/plexus-utils-3.0.jar
2014-07-03 18:04:11,117 [Worker-27] INFO  o.e.m.c.i.l.LifecycleMappingFactory - Using org.maven.ide.eclipse.wtp.WarLifecycleMapping lifecycle mapping for MavenProject: com.dhkim:guestbook:1.0.0-BUILD-SNAPSHOT @ C:\Users\Kim\Documents\GitHub\GuestBook\GuestBook\pom.xml.
2014-07-03 18:04:11,117 [Worker-26] INFO  o.e.m.c.i.l.LifecycleMappingFactory - Using org.maven.ide.eclipse.wtp.WarLifecycleMapping lifecycle mapping for MavenProject: com.dhkim:guestbook:1.0.0-BUILD-SNAPSHOT @ C:\Users\Kim\Documents\GitHub\GuestBook\GuestBook\pom.xml.
2014-07-03 18:04:11,124 [Worker-26] INFO  c.n.h.c.p.n.NettyAsyncHttpProvider - Number of application's worked threads is 16
2014-07-03 18:04:11,124 [Worker-27] INFO  c.n.h.c.p.n.NettyAsyncHttpProvider - Number of application's worked threads is 16
2014-07-03 18:04:11,590 [Worker-26] INFO  c.n.h.c.p.n.NettyAsyncHttpProvider - Number of application's worked threads is 16
2014-07-03 18:04:11,662 [Worker-27] INFO  c.n.h.c.p.n.NettyAsyncHttpProvider - Number of application's worked threads is 16
2014-07-03 18:04:12,114 [Worker-26] INFO  c.n.h.c.p.n.NettyAsyncHttpProvider - Number of application's worked threads is 16
2014-07-03 18:04:12,247 [Worker-27] INFO  c.n.h.c.p.n.NettyAsyncHttpProvider - Number of application's worked threads is 16
2014-07-03 18:04:12,700 [Worker-26] INFO  c.n.h.c.p.n.NettyAsyncHttpProvider - Number of application's worked threads is 16
2014-07-03 18:04:12,773 [Worker-27] INFO  c.n.h.c.p.n.NettyAsyncHttpProvider - Number of application's worked threads is 16
2014-07-03 18:04:13,286 [Worker-26] INFO  c.n.h.c.p.n.NettyAsyncHttpProvider - Number of application's worked threads is 16
2014-07-03 18:04:13,414 [Worker-27] INFO  c.n.h.c.p.n.NettyAsyncHttpProvider - Number of application's worked threads is 16
2014-07-03 18:04:13,762 [Worker-26] INFO  c.n.h.c.p.n.NettyAsyncHttpProvider - Number of application's worked threads is 16
2014-07-03 18:04:13,982 [Worker-27] INFO  c.n.h.c.p.n.NettyAsyncHttpProvider - Number of application's worked threads is 16
2014-07-03 18:04:14,336 [Worker-26] INFO  c.n.h.c.p.n.NettyAsyncHttpProvider - Number of application's worked threads is 16
2014-07-03 18:04:14,451 [Worker-27] INFO  c.n.h.c.p.n.NettyAsyncHttpProvider - Number of application's worked threads is 16
2014-07-03 18:04:14,917 [Worker-26] INFO  c.n.h.c.p.n.NettyAsyncHttpProvider - Number of application's worked threads is 16
2014-07-03 18:04:15,034 [Worker-27] INFO  c.n.h.c.p.n.NettyAsyncHttpProvider - Number of application's worked threads is 16
2014-07-03 18:04:15,434 [Worker-26] INFO  c.n.h.c.p.n.NettyAsyncHttpProvider - Number of application's worked threads is 16
2014-07-03 18:04:15,511 [Worker-27] INFO  c.n.h.c.p.n.NettyAsyncHttpProvider - Number of application's worked threads is 16
2014-07-03 18:04:15,852 [New I/O client worker #28-1] INFO  o.e.m.c.i.e.AbstractTransferListenerAdapter - Downloading http://repo.maven.apache.org/maven2/org/springframework/spring-webmvc/3.1.1.RELEASE/spring-webmvc-3.1.1.RELEASE.pom
2014-07-03 18:04:15,855 [New I/O client worker #28-1] INFO  o.e.m.c.i.e.AbstractTransferListenerAdapter - Downloaded http://repo.maven.apache.org/maven2/org/springframework/spring-webmvc/3.1.1.RELEASE/spring-webmvc-3.1.1.RELEASE.pom
2014-07-03 18:04:15,875 [New I/O client worker #29-1] INFO  o.e.m.c.i.e.AbstractTransferListenerAdapter - Downloading http://repo.maven.apache.org/maven2/org/springframework/spring-webmvc/3.1.1.RELEASE/spring-webmvc-3.1.1.RELEASE.pom
2014-07-03 18:04:15,879 [New I/O client worker #29-1] INFO  o.e.m.c.i.e.AbstractTransferListenerAdapter - Downloaded http://repo.maven.apache.org/maven2/org/springframework/spring-webmvc/3.1.1.RELEASE/spring-webmvc-3.1.1.RELEASE.pom
2014-07-03 18:04:16,087 [Worker-27] INFO  c.n.h.c.p.n.NettyAsyncHttpProvider - Number of application's worked threads is 16
2014-07-03 18:04:16,092 [Worker-26] INFO  c.n.h.c.p.n.NettyAsyncHttpProvider - Number of application's worked threads is 16
2014-07-03 18:04:16,694 [Worker-27] INFO  c.n.h.c.p.n.NettyAsyncHttpProvider - Number of application's worked threads is 16
2014-07-03 18:04:16,695 [Worker-26] INFO  c.n.h.c.p.n.NettyAsyncHttpProvider - Number of application's worked threads is 16
2014-07-03 18:04:17,293 [Worker-26] INFO  c.n.h.c.p.n.NettyAsyncHttpProvider - Number of application's worked threads is 16
2014-07-03 18:04:17,310 [Worker-27] INFO  c.n.h.c.p.n.NettyAsyncHttpProvider - Number of application's worked threads is 16
2014-07-03 18:04:17,713 [New I/O client worker #34-1] INFO  o.e.m.c.i.e.AbstractTransferListenerAdapter - Downloading http://repo.maven.apache.org/maven2/org/springframework/spring-context-support/3.1.1.RELEASE/spring-context-support-3.1.1.RELEASE.pom
2014-07-03 18:04:17,715 [New I/O client worker #34-1] INFO  o.e.m.c.i.e.AbstractTransferListenerAdapter - Downloaded http://repo.maven.apache.org/maven2/org/springframework/spring-context-support/3.1.1.RELEASE/spring-context-support-3.1.1.RELEASE.pom
2014-07-03 18:04:17,722 [New I/O client worker #35-1] INFO  o.e.m.c.i.e.AbstractTransferListenerAdapter - Downloading http://repo.maven.apache.org/maven2/org/springframework/spring-context-support/3.1.1.RELEASE/spring-context-support-3.1.1.RELEASE.pom
2014-07-03 18:04:17,724 [New I/O client worker #35-1] INFO  o.e.m.c.i.e.AbstractTransferListenerAdapter - Downloaded http://repo.maven.apache.org/maven2/org/springframework/spring-context-support/3.1.1.RELEASE/spring-context-support-3.1.1.RELEASE.pom
2014-07-03 18:04:17,942 [Worker-26] WARN  o.e.m.c.i.embedder.EclipseLogger - The POM for org.springframework:spring-context-support:jar:3.1.1.RELEASE is invalid, transitive dependencies (if any) will not be available, enable debug logging for more details
2014-07-03 18:04:17,947 [Worker-26] INFO  c.n.h.c.p.n.NettyAsyncHttpProvider - Number of application's worked threads is 16
2014-07-03 18:04:17,957 [Worker-27] INFO  c.n.h.c.p.n.NettyAsyncHttpProvider - Number of application's worked threads is 16
2014-07-03 18:04:18,361 [New I/O client worker #36-1] INFO  o.e.m.c.i.e.AbstractTransferListenerAdapter - Downloading http://repo.maven.apache.org/maven2/org/springframework/spring-web/3.1.1.RELEASE/spring-web-3.1.1.RELEASE.pom
2014-07-03 18:04:18,364 [New I/O client worker #36-1] INFO  o.e.m.c.i.e.AbstractTransferListenerAdapter - Downloaded http://repo.maven.apache.org/maven2/org/springframework/spring-web/3.1.1.RELEASE/spring-web-3.1.1.RELEASE.pom
2014-07-03 18:04:18,432 [New I/O client worker #37-1] INFO  o.e.m.c.i.e.AbstractTransferListenerAdapter - Downloading http://repo.maven.apache.org/maven2/org/springframework/spring-web/3.1.1.RELEASE/spring-web-3.1.1.RELEASE.pom
2014-07-03 18:04:18,435 [New I/O client worker #37-1] INFO  o.e.m.c.i.e.AbstractTransferListenerAdapter - Downloaded http://repo.maven.apache.org/maven2/org/springframework/spring-web/3.1.1.RELEASE/spring-web-3.1.1.RELEASE.pom
2014-07-03 18:04:18,597 [Worker-26] INFO  c.n.h.c.p.n.NettyAsyncHttpProvider - Number of application's worked threads is 16
2014-07-03 18:04:18,699 [Worker-27] INFO  c.n.h.c.p.n.NettyAsyncHttpProvider - Number of application's worked threads is 16
2014-07-03 18:04:18,958 [New I/O client worker #38-1] INFO  o.e.m.c.i.e.AbstractTransferListenerAdapter - Downloading http://repo.maven.apache.org/maven2/org/aspectj/aspectjrt/1.6.10/aspectjrt-1.6.10.pom
2014-07-03 18:04:18,960 [New I/O client worker #38-1] INFO  o.e.m.c.i.e.AbstractTransferListenerAdapter - Downloaded http://repo.maven.apache.org/maven2/org/aspectj/aspectjrt/1.6.10/aspectjrt-1.6.10.pom
2014-07-03 18:04:19,165 [Worker-26] INFO  c.n.h.c.p.n.NettyAsyncHttpProvider - Number of application's worked threads is 16
2014-07-03 18:04:19,174 [New I/O client worker #39-1] INFO  o.e.m.c.i.e.AbstractTransferListenerAdapter - Downloading http://repo.maven.apache.org/maven2/org/aspectj/aspectjrt/1.6.10/aspectjrt-1.6.10.pom
2014-07-03 18:04:19,176 [New I/O client worker #39-1] INFO  o.e.m.c.i.e.AbstractTransferListenerAdapter - Downloaded http://repo.maven.apache.org/maven2/org/aspectj/aspectjrt/1.6.10/aspectjrt-1.6.10.pom
2014-07-03 18:04:19,435 [Worker-27] INFO  c.n.h.c.p.n.NettyAsyncHttpProvider - Number of application's worked threads is 16
2014-07-03 18:04:19,640 [New I/O client worker #40-1] INFO  o.e.m.c.i.e.AbstractTransferListenerAdapter - Downloading http://repo.maven.apache.org/maven2/org/slf4j/slf4j-api/1.6.6/slf4j-api-1.6.6.pom
2014-07-03 18:04:19,642 [New I/O client worker #40-1] INFO  o.e.m.c.i.e.AbstractTransferListenerAdapter - Downloaded http://repo.maven.apache.org/maven2/org/slf4j/slf4j-api/1.6.6/slf4j-api-1.6.6.pom
2014-07-03 18:04:19,845 [New I/O client worker #41-1] INFO  o.e.m.c.i.e.AbstractTransferListenerAdapter - Downloading http://repo.maven.apache.org/maven2/org/slf4j/slf4j-api/1.6.6/slf4j-api-1.6.6.pom
2014-07-03 18:04:19,847 [New I/O client worker #41-1] INFO  o.e.m.c.i.e.AbstractTransferListenerAdapter - Downloaded http://repo.maven.apache.org/maven2/org/slf4j/slf4j-api/1.6.6/slf4j-api-1.6.6.pom
2014-07-03 18:04:19,900 [Worker-26] INFO  c.n.h.c.p.n.NettyAsyncHttpProvider - Number of application's worked threads is 16
2014-07-03 18:04:20,078 [Worker-27] INFO  c.n.h.c.p.n.NettyAsyncHttpProvider - Number of application's worked threads is 16
2014-07-03 18:04:20,372 [New I/O client worker #42-1] INFO  o.e.m.c.i.e.AbstractTransferListenerAdapter - Downloading http://repo.maven.apache.org/maven2/org/slf4j/slf4j-parent/1.6.6/slf4j-parent-1.6.6.pom
2014-07-03 18:04:20,376 [New I/O client worker #42-1] INFO  o.e.m.c.i.e.AbstractTransferListenerAdapter - Downloaded http://repo.maven.apache.org/maven2/org/slf4j/slf4j-parent/1.6.6/slf4j-parent-1.6.6.pom
2014-07-03 18:04:20,551 [New I/O client worker #43-1] INFO  o.e.m.c.i.e.AbstractTransferListenerAdapter - Downloading http://repo.maven.apache.org/maven2/org/slf4j/slf4j-parent/1.6.6/slf4j-parent-1.6.6.pom
2014-07-03 18:04:20,554 [New I/O client worker #43-1] INFO  o.e.m.c.i.e.AbstractTransferListenerAdapter - Downloaded http://repo.maven.apache.org/maven2/org/slf4j/slf4j-parent/1.6.6/slf4j-parent-1.6.6.pom
2014-07-03 18:04:20,637 [Worker-26] INFO  c.n.h.c.p.n.NettyAsyncHttpProvider - Number of application's worked threads is 16
2014-07-03 18:04:20,816 [Worker-27] INFO  c.n.h.c.p.n.NettyAsyncHttpProvider - Number of application's worked threads is 16
2014-07-03 18:04:21,004 [New I/O client worker #44-1] INFO  o.e.m.c.i.e.AbstractTransferListenerAdapter - Downloading http://repo.maven.apache.org/maven2/org/slf4j/jcl-over-slf4j/1.6.6/jcl-over-slf4j-1.6.6.pom
2014-07-03 18:04:21,006 [New I/O client worker #44-1] INFO  o.e.m.c.i.e.AbstractTransferListenerAdapter - Downloaded http://repo.maven.apache.org/maven2/org/slf4j/jcl-over-slf4j/1.6.6/jcl-over-slf4j-1.6.6.pom
2014-07-03 18:04:21,212 [Worker-26] INFO  c.n.h.c.p.n.NettyAsyncHttpProvider - Number of application's worked threads is 16
2014-07-03 18:04:21,285 [New I/O client worker #45-1] INFO  o.e.m.c.i.e.AbstractTransferListenerAdapter - Downloading http://repo.maven.apache.org/maven2/org/slf4j/jcl-over-slf4j/1.6.6/jcl-over-slf4j-1.6.6.pom
2014-07-03 18:04:21,287 [New I/O client worker #45-1] INFO  o.e.m.c.i.e.AbstractTransferListenerAdapter - Downloaded http://repo.maven.apache.org/maven2/org/slf4j/jcl-over-slf4j/1.6.6/jcl-over-slf4j-1.6.6.pom
2014-07-03 18:04:21,548 [Worker-27] INFO  c.n.h.c.p.n.NettyAsyncHttpProvider - Number of application's worked threads is 16
2014-07-03 18:04:21,686 [New I/O client worker #46-1] INFO  o.e.m.c.i.e.AbstractTransferListenerAdapter - Downloading http://repo.maven.apache.org/maven2/org/slf4j/slf4j-log4j12/1.6.6/slf4j-log4j12-1.6.6.pom
2014-07-03 18:04:21,688 [New I/O client worker #46-1] INFO  o.e.m.c.i.e.AbstractTransferListenerAdapter - Downloaded http://repo.maven.apache.org/maven2/org/slf4j/slf4j-log4j12/1.6.6/slf4j-log4j12-1.6.6.pom
2014-07-03 18:04:21,908 [New I/O client worker #47-1] INFO  o.e.m.c.i.e.AbstractTransferListenerAdapter - Downloading http://repo.maven.apache.org/maven2/org/slf4j/slf4j-log4j12/1.6.6/slf4j-log4j12-1.6.6.pom
2014-07-03 18:04:21,910 [New I/O client worker #47-1] INFO  o.e.m.c.i.e.AbstractTransferListenerAdapter - Downloaded http://repo.maven.apache.org/maven2/org/slf4j/slf4j-log4j12/1.6.6/slf4j-log4j12-1.6.6.pom
2014-07-03 18:04:21,950 [Worker-26] INFO  c.n.h.c.p.n.NettyAsyncHttpProvider - Number of application's worked threads is 16
2014-07-03 18:04:22,116 [Worker-27] INFO  c.n.h.c.p.n.NettyAsyncHttpProvider - Number of application's worked threads is 16
2014-07-03 18:04:22,314 [New I/O client worker #48-1] INFO  o.e.m.c.i.e.AbstractTransferListenerAdapter - Downloading http://repo.maven.apache.org/maven2/log4j/log4j/1.2.17/log4j-1.2.17.pom
2014-07-03 18:04:22,498 [New I/O client worker #48-1] INFO  o.e.m.c.i.e.AbstractTransferListenerAdapter - Downloaded http://repo.maven.apache.org/maven2/log4j/log4j/1.2.17/log4j-1.2.17.pom
2014-07-03 18:04:22,533 [New I/O client worker #49-1] INFO  o.e.m.c.i.e.AbstractTransferListenerAdapter - Downloading http://repo.maven.apache.org/maven2/log4j/log4j/1.2.17/log4j-1.2.17.pom
2014-07-03 18:04:22,715 [Worker-26] INFO  c.n.h.c.p.n.NettyAsyncHttpProvider - Number of application's worked threads is 16
2014-07-03 18:04:22,741 [New I/O client worker #49-1] INFO  o.e.m.c.i.e.AbstractTransferListenerAdapter - Downloaded http://repo.maven.apache.org/maven2/log4j/log4j/1.2.17/log4j-1.2.17.pom
2014-07-03 18:04:22,983 [Worker-27] INFO  c.n.h.c.p.n.NettyAsyncHttpProvider - Number of application's worked threads is 16
2014-07-03 18:04:23,255 [Worker-26] INFO  c.n.h.c.p.n.NettyAsyncHttpProvider - Number of application's worked threads is 16
2014-07-03 18:04:23,570 [Worker-27] INFO  c.n.h.c.p.n.NettyAsyncHttpProvider - Number of application's worked threads is 16
2014-07-03 18:04:23,814 [Worker-26] INFO  c.n.h.c.p.n.NettyAsyncHttpProvider - Number of application's worked threads is 16
2014-07-03 18:04:24,143 [Worker-27] INFO  c.n.h.c.p.n.NettyAsyncHttpProvider - Number of application's worked threads is 16
2014-07-03 18:04:24,485 [Worker-26] INFO  c.n.h.c.p.n.NettyAsyncHttpProvider - Number of application's worked threads is 16
2014-07-03 18:04:24,946 [Worker-27] INFO  c.n.h.c.p.n.NettyAsyncHttpProvider - Number of application's worked threads is 16
2014-07-03 18:04:25,058 [Worker-26] INFO  c.n.h.c.p.n.NettyAsyncHttpProvider - Number of application's worked threads is 16
2014-07-03 18:04:25,519 [Worker-27] INFO  c.n.h.c.p.n.NettyAsyncHttpProvider - Number of application's worked threads is 16
2014-07-03 18:04:25,635 [Worker-26] INFO  c.n.h.c.p.n.NettyAsyncHttpProvider - Number of application's worked threads is 16
2014-07-03 18:04:26,102 [Worker-27] INFO  c.n.h.c.p.n.NettyAsyncHttpProvider - Number of application's worked threads is 16
2014-07-03 18:04:26,252 [Worker-26] INFO  c.n.h.c.p.n.NettyAsyncHttpProvider - Number of application's worked threads is 16
2014-07-03 18:04:26,577 [Worker-27] INFO  c.n.h.c.p.n.NettyAsyncHttpProvider - Number of application's worked threads is 16
2014-07-03 18:04:26,724 [New I/O client worker #62-1] INFO  o.e.m.c.i.e.AbstractTransferListenerAdapter - Downloading http://repo.maven.apache.org/maven2/org/springframework/spring-context/3.1.1.RELEASE/spring-context-3.1.1.RELEASE.jar
2014-07-03 18:04:26,729 [New I/O client worker #62-2] INFO  o.e.m.c.i.e.AbstractTransferListenerAdapter - Downloading http://repo.maven.apache.org/maven2/org/springframework/spring-aop/3.1.1.RELEASE/spring-aop-3.1.1.RELEASE.jar
2014-07-03 18:04:26,940 [New I/O client worker #63-1] INFO  o.e.m.c.i.e.AbstractTransferListenerAdapter - Downloading http://repo.maven.apache.org/maven2/org/springframework/spring-context/3.1.1.RELEASE/spring-context-3.1.1.RELEASE.jar
2014-07-03 18:04:26,982 [New I/O client worker #62-3] INFO  o.e.m.c.i.e.AbstractTransferListenerAdapter - Downloading http://repo.maven.apache.org/maven2/org/springframework/spring-beans/3.1.1.RELEASE/spring-beans-3.1.1.RELEASE.jar
2014-07-03 18:04:27,017 [New I/O client worker #63-2] INFO  o.e.m.c.i.e.AbstractTransferListenerAdapter - Downloading http://repo.maven.apache.org/maven2/org/springframework/spring-aop/3.1.1.RELEASE/spring-aop-3.1.1.RELEASE.jar
2014-07-03 18:04:27,062 [Worker-27] INFO  c.n.h.c.p.n.NettyAsyncHttpProvider - Number of application's worked threads is 16
2014-07-03 18:04:27,142 [New I/O client worker #62-4] INFO  o.e.m.c.i.e.AbstractTransferListenerAdapter - Downloading http://repo.maven.apache.org/maven2/org/springframework/spring-core/3.1.1.RELEASE/spring-core-3.1.1.RELEASE.jar
2014-07-03 18:04:27,152 [New I/O client worker #62-9] INFO  o.e.m.c.i.e.AbstractTransferListenerAdapter - Downloading http://repo.maven.apache.org/maven2/org/springframework/spring-web/3.1.1.RELEASE/spring-web-3.1.1.RELEASE.jar
2014-07-03 18:04:27,157 [New I/O client worker #62-10] INFO  o.e.m.c.i.e.AbstractTransferListenerAdapter - Downloading http://repo.maven.apache.org/maven2/org/aspectj/aspectjrt/1.6.10/aspectjrt-1.6.10.jar
2014-07-03 18:04:27,200 [New I/O client worker #62-6] INFO  o.e.m.c.i.e.AbstractTransferListenerAdapter - Downloading http://repo.maven.apache.org/maven2/org/springframework/spring-asm/3.1.1.RELEASE/spring-asm-3.1.1.RELEASE.jar
2014-07-03 18:04:27,202 [New I/O client worker #62-5] INFO  o.e.m.c.i.e.AbstractTransferListenerAdapter - Downloading http://repo.maven.apache.org/maven2/org/springframework/spring-expression/3.1.1.RELEASE/spring-expression-3.1.1.RELEASE.jar
2014-07-03 18:04:27,227 [New I/O client worker #62-11] INFO  o.e.m.c.i.e.AbstractTransferListenerAdapter - Downloading http://repo.maven.apache.org/maven2/org/slf4j/slf4j-api/1.6.6/slf4j-api-1.6.6.jar
2014-07-03 18:04:27,250 [New I/O client worker #63-3] INFO  o.e.m.c.i.e.AbstractTransferListenerAdapter - Downloading http://repo.maven.apache.org/maven2/org/springframework/spring-core/3.1.1.RELEASE/spring-core-3.1.1.RELEASE.jar
2014-07-03 18:04:27,259 [New I/O client worker #62-8] INFO  o.e.m.c.i.e.AbstractTransferListenerAdapter - Downloading http://repo.maven.apache.org/maven2/org/springframework/spring-context-support/3.1.1.RELEASE/spring-context-support-3.1.1.RELEASE.jar
2014-07-03 18:04:27,263 [New I/O client worker #62-7] INFO  o.e.m.c.i.e.AbstractTransferListenerAdapter - Downloading http://repo.maven.apache.org/maven2/org/springframework/spring-webmvc/3.1.1.RELEASE/spring-webmvc-3.1.1.RELEASE.jar
2014-07-03 18:04:27,282 [New I/O client worker #62-12] INFO  o.e.m.c.i.e.AbstractTransferListenerAdapter - Downloading http://repo.maven.apache.org/maven2/org/slf4j/jcl-over-slf4j/1.6.6/jcl-over-slf4j-1.6.6.jar
2014-07-03 18:04:27,291 [New I/O client worker #62-13] INFO  o.e.m.c.i.e.AbstractTransferListenerAdapter - Downloading http://repo.maven.apache.org/maven2/org/slf4j/slf4j-log4j12/1.6.6/slf4j-log4j12-1.6.6.jar
2014-07-03 18:04:27,294 [New I/O client worker #62-13] INFO  o.e.m.c.i.e.AbstractTransferListenerAdapter - Downloaded http://repo.maven.apache.org/maven2/org/slf4j/slf4j-log4j12/1.6.6/slf4j-log4j12-1.6.6.jar
2014-07-03 18:04:27,438 [New I/O client worker #63-5] INFO  o.e.m.c.i.e.AbstractTransferListenerAdapter - Downloading http://repo.maven.apache.org/maven2/org/springframework/spring-asm/3.1.1.RELEASE/spring-asm-3.1.1.RELEASE.jar
2014-07-03 18:04:27,440 [New I/O client worker #62-11] INFO  o.e.m.c.i.e.AbstractTransferListenerAdapter - Downloaded http://repo.maven.apache.org/maven2/org/slf4j/slf4j-api/1.6.6/slf4j-api-1.6.6.jar
2014-07-03 18:04:27,444 [New I/O client worker #63-7] INFO  o.e.m.c.i.e.AbstractTransferListenerAdapter - Downloading http://repo.maven.apache.org/maven2/org/springframework/spring-context-support/3.1.1.RELEASE/spring-context-support-3.1.1.RELEASE.jar
2014-07-03 18:04:27,446 [New I/O client worker #63-8] INFO  o.e.m.c.i.e.AbstractTransferListenerAdapter - Downloading http://repo.maven.apache.org/maven2/org/springframework/spring-web/3.1.1.RELEASE/spring-web-3.1.1.RELEASE.jar
2014-07-03 18:04:27,450 [New I/O client worker #63-9] INFO  o.e.m.c.i.e.AbstractTransferListenerAdapter - Downloading http://repo.maven.apache.org/maven2/org/aspectj/aspectjrt/1.6.10/aspectjrt-1.6.10.jar
2014-07-03 18:04:27,456 [New I/O client worker #63-11] INFO  o.e.m.c.i.e.AbstractTransferListenerAdapter - Downloading http://repo.maven.apache.org/maven2/org/slf4j/jcl-over-slf4j/1.6.6/jcl-over-slf4j-1.6.6.jar
2014-07-03 18:04:27,503 [New I/O client worker #63-10] INFO  o.e.m.c.i.e.AbstractTransferListenerAdapter - Downloading http://repo.maven.apache.org/maven2/org/slf4j/slf4j-api/1.6.6/slf4j-api-1.6.6.jar
2014-07-03 18:04:27,516 [New I/O client worker #62-12] INFO  o.e.m.c.i.e.AbstractTransferListenerAdapter - Downloaded http://repo.maven.apache.org/maven2/org/slf4j/jcl-over-slf4j/1.6.6/jcl-over-slf4j-1.6.6.jar
2014-07-03 18:04:27,538 [New I/O client worker #64-1] INFO  o.e.m.c.i.e.AbstractTransferListenerAdapter - Downloading http://repo.maven.apache.org/maven2/org/springframework/spring-beans/3.1.1.RELEASE/spring-beans-3.1.1.RELEASE.jar
2014-07-03 18:04:27,544 [New I/O client worker #63-4] INFO  o.e.m.c.i.e.AbstractTransferListenerAdapter - Downloading http://repo.maven.apache.org/maven2/org/springframework/spring-expression/3.1.1.RELEASE/spring-expression-3.1.1.RELEASE.jar
2014-07-03 18:04:27,547 [New I/O client worker #63-6] INFO  o.e.m.c.i.e.AbstractTransferListenerAdapter - Downloading http://repo.maven.apache.org/maven2/org/springframework/spring-webmvc/3.1.1.RELEASE/spring-webmvc-3.1.1.RELEASE.jar
2014-07-03 18:04:27,560 [New I/O client worker #63-12] INFO  o.e.m.c.i.e.AbstractTransferListenerAdapter - Downloading http://repo.maven.apache.org/maven2/org/slf4j/slf4j-log4j12/1.6.6/slf4j-log4j12-1.6.6.jar
2014-07-03 18:04:27,562 [New I/O client worker #63-12] INFO  o.e.m.c.i.e.AbstractTransferListenerAdapter - Downloaded http://repo.maven.apache.org/maven2/org/slf4j/slf4j-log4j12/1.6.6/slf4j-log4j12-1.6.6.jar
2014-07-03 18:04:27,637 [New I/O client worker #63-11] INFO  o.e.m.c.i.e.AbstractTransferListenerAdapter - Downloaded http://repo.maven.apache.org/maven2/org/slf4j/jcl-over-slf4j/1.6.6/jcl-over-slf4j-1.6.6.jar
2014-07-03 18:04:27,709 [New I/O client worker #63-10] INFO  o.e.m.c.i.e.AbstractTransferListenerAdapter - Downloaded http://repo.maven.apache.org/maven2/org/slf4j/slf4j-api/1.6.6/slf4j-api-1.6.6.jar
2014-07-03 18:04:27,809 [New I/O client worker #62-6] INFO  o.e.m.c.i.e.AbstractTransferListenerAdapter - Downloaded http://repo.maven.apache.org/maven2/org/springframework/spring-asm/3.1.1.RELEASE/spring-asm-3.1.1.RELEASE.jar
2014-07-03 18:04:27,880 [New I/O client worker #62-10] INFO  o.e.m.c.i.e.AbstractTransferListenerAdapter - Downloaded http://repo.maven.apache.org/maven2/org/aspectj/aspectjrt/1.6.10/aspectjrt-1.6.10.jar
2014-07-03 18:04:27,990 [New I/O client worker #63-5] INFO  o.e.m.c.i.e.AbstractTransferListenerAdapter - Downloaded http://repo.maven.apache.org/maven2/org/springframework/spring-asm/3.1.1.RELEASE/spring-asm-3.1.1.RELEASE.jar
2014-07-03 18:04:28,198 [New I/O client worker #63-7] INFO  o.e.m.c.i.e.AbstractTransferListenerAdapter - Downloaded http://repo.maven.apache.org/maven2/org/springframework/spring-context-support/3.1.1.RELEASE/spring-context-support-3.1.1.RELEASE.jar
2014-07-03 18:04:28,204 [New I/O client worker #62-8] INFO  o.e.m.c.i.e.AbstractTransferListenerAdapter - Downloaded http://repo.maven.apache.org/maven2/org/springframework/spring-context-support/3.1.1.RELEASE/spring-context-support-3.1.1.RELEASE.jar
2014-07-03 18:04:28,209 [New I/O client worker #63-9] INFO  o.e.m.c.i.e.AbstractTransferListenerAdapter - Downloaded http://repo.maven.apache.org/maven2/org/aspectj/aspectjrt/1.6.10/aspectjrt-1.6.10.jar
2014-07-03 18:04:28,286 [New I/O client worker #62-5] INFO  o.e.m.c.i.e.AbstractTransferListenerAdapter - Downloaded http://repo.maven.apache.org/maven2/org/springframework/spring-expression/3.1.1.RELEASE/spring-expression-3.1.1.RELEASE.jar
2014-07-03 18:04:28,424 [New I/O client worker #62-2] INFO  o.e.m.c.i.e.AbstractTransferListenerAdapter - Downloaded http://repo.maven.apache.org/maven2/org/springframework/spring-aop/3.1.1.RELEASE/spring-aop-3.1.1.RELEASE.jar
2014-07-03 18:04:28,516 [New I/O client worker #63-2] INFO  o.e.m.c.i.e.AbstractTransferListenerAdapter - Downloaded http://repo.maven.apache.org/maven2/org/springframework/spring-aop/3.1.1.RELEASE/spring-aop-3.1.1.RELEASE.jar
2014-07-03 18:04:28,687 [New I/O client worker #62-4] INFO  o.e.m.c.i.e.AbstractTransferListenerAdapter - Downloaded http://repo.maven.apache.org/maven2/org/springframework/spring-core/3.1.1.RELEASE/spring-core-3.1.1.RELEASE.jar
2014-07-03 18:04:28,914 [New I/O client worker #62-9] INFO  o.e.m.c.i.e.AbstractTransferListenerAdapter - Downloaded http://repo.maven.apache.org/maven2/org/springframework/spring-web/3.1.1.RELEASE/spring-web-3.1.1.RELEASE.jar
2014-07-03 18:04:28,916 [New I/O client worker #63-3] INFO  o.e.m.c.i.e.AbstractTransferListenerAdapter - Downloaded http://repo.maven.apache.org/maven2/org/springframework/spring-core/3.1.1.RELEASE/spring-core-3.1.1.RELEASE.jar
2014-07-03 18:04:28,963 [New I/O client worker #63-8] INFO  o.e.m.c.i.e.AbstractTransferListenerAdapter - Downloaded http://repo.maven.apache.org/maven2/org/springframework/spring-web/3.1.1.RELEASE/spring-web-3.1.1.RELEASE.jar
2014-07-03 18:04:28,980 [New I/O client worker #63-1] INFO  o.e.m.c.i.e.AbstractTransferListenerAdapter - Downloaded http://repo.maven.apache.org/maven2/org/springframework/spring-context/3.1.1.RELEASE/spring-context-3.1.1.RELEASE.jar
2014-07-03 18:04:29,035 [New I/O client worker #63-4] INFO  o.e.m.c.i.e.AbstractTransferListenerAdapter - Downloaded http://repo.maven.apache.org/maven2/org/springframework/spring-expression/3.1.1.RELEASE/spring-expression-3.1.1.RELEASE.jar
2014-07-03 18:04:29,219 [New I/O client worker #62-1] INFO  o.e.m.c.i.e.AbstractTransferListenerAdapter - Downloaded http://repo.maven.apache.org/maven2/org/springframework/spring-context/3.1.1.RELEASE/spring-context-3.1.1.RELEASE.jar
2014-07-03 18:04:29,560 [New I/O client worker #62-3] INFO  o.e.m.c.i.e.AbstractTransferListenerAdapter - Downloaded http://repo.maven.apache.org/maven2/org/springframework/spring-beans/3.1.1.RELEASE/spring-beans-3.1.1.RELEASE.jar
2014-07-03 18:04:29,692 [New I/O client worker #62-7] INFO  o.e.m.c.i.e.AbstractTransferListenerAdapter - Downloaded http://repo.maven.apache.org/maven2/org/springframework/spring-webmvc/3.1.1.RELEASE/spring-webmvc-3.1.1.RELEASE.jar
2014-07-03 18:04:29,740 [New I/O client worker #63-6] INFO  o.e.m.c.i.e.AbstractTransferListenerAdapter - Downloaded http://repo.maven.apache.org/maven2/org/springframework/spring-webmvc/3.1.1.RELEASE/spring-webmvc-3.1.1.RELEASE.jar
2014-07-03 18:04:30,853 [Worker-27] WARN  o.e.m.c.i.embedder.EclipseLogger - Failed to dispatch repository event to org.eclipse.m2e.core.internal.embedder.EclipseRepositoryListener: null
2014-07-03 18:04:30,992 [Worker-27] INFO  c.n.h.c.p.n.NettyAsyncHttpProvider - Number of application's worked threads is 16
2014-07-03 18:04:31,579 [New I/O client worker #65-1] INFO  o.e.m.c.i.e.AbstractTransferListenerAdapter - Downloading http://repo.maven.apache.org/maven2/org/apache/maven/plugins/maven-war-plugin/2.1.1/maven-war-plugin-2.1.1.pom
2014-07-03 18:04:31,581 [New I/O client worker #65-1] INFO  o.e.m.c.i.e.AbstractTransferListenerAdapter - Downloaded http://repo.maven.apache.org/maven2/org/apache/maven/plugins/maven-war-plugin/2.1.1/maven-war-plugin-2.1.1.pom
2014-07-03 18:04:31,770 [Worker-27] INFO  c.n.h.c.p.n.NettyAsyncHttpProvider - Number of application's worked threads is 16
2014-07-03 18:04:32,184 [New I/O client worker #66-1] INFO  o.e.m.c.i.e.AbstractTransferListenerAdapter - Downloading http://repo.maven.apache.org/maven2/org/apache/maven/plugins/maven-plugins/18/maven-plugins-18.pom
2014-07-03 18:04:32,190 [New I/O client worker #66-1] INFO  o.e.m.c.i.e.AbstractTransferListenerAdapter - Downloaded http://repo.maven.apache.org/maven2/org/apache/maven/plugins/maven-plugins/18/maven-plugins-18.pom
2014-07-03 18:04:32,421 [Worker-27] INFO  c.n.h.c.p.n.NettyAsyncHttpProvider - Number of application's worked threads is 16
2014-07-03 18:04:32,905 [New I/O client worker #67-1] INFO  o.e.m.c.i.e.AbstractTransferListenerAdapter - Downloading http://repo.maven.apache.org/maven2/org/apache/maven/maven-parent/16/maven-parent-16.pom
2014-07-03 18:04:33,142 [New I/O client worker #67-1] INFO  o.e.m.c.i.e.AbstractTransferListenerAdapter - Downloaded http://repo.maven.apache.org/maven2/org/apache/maven/maven-parent/16/maven-parent-16.pom
2014-07-03 18:04:33,412 [Worker-27] INFO  c.n.h.c.p.n.NettyAsyncHttpProvider - Number of application's worked threads is 16
2014-07-03 18:04:34,064 [Worker-27] INFO  c.n.h.c.p.n.NettyAsyncHttpProvider - Number of application's worked threads is 16
2014-07-03 18:04:34,532 [New I/O client worker #69-1] INFO  o.e.m.c.i.e.AbstractTransferListenerAdapter - Downloading http://repo.maven.apache.org/maven2/org/apache/maven/maven-archiver/2.4.1/maven-archiver-2.4.1.pom
2014-07-03 18:04:34,533 [New I/O client worker #69-1] INFO  o.e.m.c.i.e.AbstractTransferListenerAdapter - Downloaded http://repo.maven.apache.org/maven2/org/apache/maven/maven-archiver/2.4.1/maven-archiver-2.4.1.pom
2014-07-03 18:04:34,779 [Worker-27] INFO  c.n.h.c.p.n.NettyAsyncHttpProvider - Number of application's worked threads is 16
2014-07-03 18:04:35,190 [New I/O client worker #70-1] INFO  o.e.m.c.i.e.AbstractTransferListenerAdapter - Downloading http://repo.maven.apache.org/maven2/org/apache/maven/shared/maven-shared-components/15/maven-shared-components-15.pom
2014-07-03 18:04:35,193 [New I/O client worker #70-1] INFO  o.e.m.c.i.e.AbstractTransferListenerAdapter - Downloaded http://repo.maven.apache.org/maven2/org/apache/maven/shared/maven-shared-components/15/maven-shared-components-15.pom
2014-07-03 18:04:35,416 [Worker-27] INFO  c.n.h.c.p.n.NettyAsyncHttpProvider - Number of application's worked threads is 16
2014-07-03 18:04:35,884 [New I/O client worker #71-1] INFO  o.e.m.c.i.e.AbstractTransferListenerAdapter - Downloading http://repo.maven.apache.org/maven2/org/codehaus/plexus/plexus-archiver/1.0/plexus-archiver-1.0.pom
2014-07-03 18:04:35,887 [New I/O client worker #71-1] INFO  o.e.m.c.i.e.AbstractTransferListenerAdapter - Downloaded http://repo.maven.apache.org/maven2/org/codehaus/plexus/plexus-archiver/1.0/plexus-archiver-1.0.pom
2014-07-03 18:04:36,132 [Worker-27] INFO  c.n.h.c.p.n.NettyAsyncHttpProvider - Number of application's worked threads is 16
2014-07-03 18:04:36,541 [New I/O client worker #72-1] INFO  o.e.m.c.i.e.AbstractTransferListenerAdapter - Downloading http://repo.maven.apache.org/maven2/org/codehaus/plexus/plexus-components/1.1.17/plexus-components-1.1.17.pom
2014-07-03 18:04:36,542 [New I/O client worker #72-1] INFO  o.e.m.c.i.e.AbstractTransferListenerAdapter - Downloaded http://repo.maven.apache.org/maven2/org/codehaus/plexus/plexus-components/1.1.17/plexus-components-1.1.17.pom
2014-07-03 18:04:36,755 [Worker-27] INFO  c.n.h.c.p.n.NettyAsyncHttpProvider - Number of application's worked threads is 16
2014-07-03 18:04:37,223 [New I/O client worker #73-1] INFO  o.e.m.c.i.e.AbstractTransferListenerAdapter - Downloading http://repo.maven.apache.org/maven2/org/codehaus/plexus/plexus/2.0.5/plexus-2.0.5.pom
2014-07-03 18:04:37,462 [New I/O client worker #73-1] INFO  o.e.m.c.i.e.AbstractTransferListenerAdapter - Downloaded http://repo.maven.apache.org/maven2/org/codehaus/plexus/plexus/2.0.5/plexus-2.0.5.pom
2014-07-03 18:04:37,724 [Worker-27] INFO  c.n.h.c.p.n.NettyAsyncHttpProvider - Number of application's worked threads is 16
2014-07-03 18:04:38,140 [New I/O client worker #74-1] INFO  o.e.m.c.i.e.AbstractTransferListenerAdapter - Downloading http://repo.maven.apache.org/maven2/org/codehaus/plexus/plexus-io/1.0/plexus-io-1.0.pom
2014-07-03 18:04:38,141 [New I/O client worker #74-1] INFO  o.e.m.c.i.e.AbstractTransferListenerAdapter - Downloaded http://repo.maven.apache.org/maven2/org/codehaus/plexus/plexus-io/1.0/plexus-io-1.0.pom
2014-07-03 18:04:38,374 [Worker-27] INFO  c.n.h.c.p.n.NettyAsyncHttpProvider - Number of application's worked threads is 16
2014-07-03 18:04:38,839 [New I/O client worker #75-1] INFO  o.e.m.c.i.e.AbstractTransferListenerAdapter - Downloading http://repo.maven.apache.org/maven2/org/codehaus/plexus/plexus-archiver/1.2/plexus-archiver-1.2.pom
2014-07-03 18:04:38,841 [New I/O client worker #75-1] INFO  o.e.m.c.i.e.AbstractTransferListenerAdapter - Downloaded http://repo.maven.apache.org/maven2/org/codehaus/plexus/plexus-archiver/1.2/plexus-archiver-1.2.pom
2014-07-03 18:04:39,081 [Worker-27] INFO  c.n.h.c.p.n.NettyAsyncHttpProvider - Number of application's worked threads is 16
2014-07-03 18:04:39,546 [New I/O client worker #76-1] INFO  o.e.m.c.i.e.AbstractTransferListenerAdapter - Downloading http://repo.maven.apache.org/maven2/org/codehaus/plexus/plexus-components/1.1.18/plexus-components-1.1.18.pom
2014-07-03 18:04:39,548 [New I/O client worker #76-1] INFO  o.e.m.c.i.e.AbstractTransferListenerAdapter - Downloaded http://repo.maven.apache.org/maven2/org/codehaus/plexus/plexus-components/1.1.18/plexus-components-1.1.18.pom
2014-07-03 18:04:39,811 [Worker-27] INFO  c.n.h.c.p.n.NettyAsyncHttpProvider - Number of application's worked threads is 16
2014-07-03 18:04:40,275 [New I/O client worker #77-1] INFO  o.e.m.c.i.e.AbstractTransferListenerAdapter - Downloading http://repo.maven.apache.org/maven2/org/codehaus/plexus/plexus-io/1.0.1/plexus-io-1.0.1.pom
2014-07-03 18:04:40,276 [New I/O client worker #77-1] INFO  o.e.m.c.i.e.AbstractTransferListenerAdapter - Downloaded http://repo.maven.apache.org/maven2/org/codehaus/plexus/plexus-io/1.0.1/plexus-io-1.0.1.pom
2014-07-03 18:04:40,520 [Worker-27] INFO  c.n.h.c.p.n.NettyAsyncHttpProvider - Number of application's worked threads is 16
2014-07-03 18:04:40,992 [New I/O client worker #78-1] INFO  o.e.m.c.i.e.AbstractTransferListenerAdapter - Downloading http://repo.maven.apache.org/maven2/com/thoughtworks/xstream/xstream/1.3.1/xstream-1.3.1.pom
2014-07-03 18:04:40,994 [New I/O client worker #78-1] INFO  o.e.m.c.i.e.AbstractTransferListenerAdapter - Downloaded http://repo.maven.apache.org/maven2/com/thoughtworks/xstream/xstream/1.3.1/xstream-1.3.1.pom
2014-07-03 18:04:41,252 [Worker-27] INFO  c.n.h.c.p.n.NettyAsyncHttpProvider - Number of application's worked threads is 16
2014-07-03 18:04:41,720 [New I/O client worker #79-1] INFO  o.e.m.c.i.e.AbstractTransferListenerAdapter - Downloading http://repo.maven.apache.org/maven2/com/thoughtworks/xstream/xstream-parent/1.3.1/xstream-parent-1.3.1.pom
2014-07-03 18:04:41,951 [New I/O client worker #79-1] INFO  o.e.m.c.i.e.AbstractTransferListenerAdapter - Downloaded http://repo.maven.apache.org/maven2/com/thoughtworks/xstream/xstream-parent/1.3.1/xstream-parent-1.3.1.pom
2014-07-03 18:04:42,286 [Worker-27] INFO  c.n.h.c.p.n.NettyAsyncHttpProvider - Number of application's worked threads is 16
2014-07-03 18:04:42,702 [New I/O client worker #80-3] INFO  o.e.m.c.i.e.AbstractTransferListenerAdapter - Downloading http://repo.maven.apache.org/maven2/org/codehaus/plexus/plexus-io/1.0.1/plexus-io-1.0.1.jar
2014-07-03 18:04:42,755 [New I/O client worker #80-1] INFO  o.e.m.c.i.e.AbstractTransferListenerAdapter - Downloading http://repo.maven.apache.org/maven2/org/apache/maven/maven-archiver/2.4.1/maven-archiver-2.4.1.jar
2014-07-03 18:04:42,758 [New I/O client worker #80-2] INFO  o.e.m.c.i.e.AbstractTransferListenerAdapter - Downloading http://repo.maven.apache.org/maven2/org/codehaus/plexus/plexus-archiver/1.2/plexus-archiver-1.2.jar
2014-07-03 18:04:42,760 [New I/O client worker #80-4] INFO  o.e.m.c.i.e.AbstractTransferListenerAdapter - Downloading http://repo.maven.apache.org/maven2/com/thoughtworks/xstream/xstream/1.3.1/xstream-1.3.1.jar
2014-07-03 18:04:42,991 [New I/O client worker #80-1] INFO  o.e.m.c.i.e.AbstractTransferListenerAdapter - Downloaded http://repo.maven.apache.org/maven2/org/apache/maven/maven-archiver/2.4.1/maven-archiver-2.4.1.jar
2014-07-03 18:04:43,311 [New I/O client worker #80-3] INFO  o.e.m.c.i.e.AbstractTransferListenerAdapter - Downloaded http://repo.maven.apache.org/maven2/org/codehaus/plexus/plexus-io/1.0.1/plexus-io-1.0.1.jar
2014-07-03 18:04:43,930 [New I/O client worker #80-2] INFO  o.e.m.c.i.e.AbstractTransferListenerAdapter - Downloaded http://repo.maven.apache.org/maven2/org/codehaus/plexus/plexus-archiver/1.2/plexus-archiver-1.2.jar
2014-07-03 18:04:44,430 [New I/O client worker #80-4] INFO  o.e.m.c.i.e.AbstractTransferListenerAdapter - Downloaded http://repo.maven.apache.org/maven2/com/thoughtworks/xstream/xstream/1.3.1/xstream-1.3.1.jar
2014-07-03 18:04:45,097 [Worker-27] INFO  c.n.h.c.p.n.NettyAsyncHttpProvider - Number of application's worked threads is 16
2014-07-03 18:04:45,509 [New I/O client worker #81-1] INFO  o.e.m.c.i.e.AbstractTransferListenerAdapter - Downloading http://repo.maven.apache.org/maven2/org/apache/maven/plugins/maven-eclipse-plugin/2.9/maven-eclipse-plugin-2.9.pom
2014-07-03 18:04:45,716 [New I/O client worker #81-1] INFO  o.e.m.c.i.e.AbstractTransferListenerAdapter - Downloaded http://repo.maven.apache.org/maven2/org/apache/maven/plugins/maven-eclipse-plugin/2.9/maven-eclipse-plugin-2.9.pom
2014-07-03 18:04:45,940 [Worker-27] INFO  c.n.h.c.p.n.NettyAsyncHttpProvider - Number of application's worked threads is 16
2014-07-03 18:04:46,355 [New I/O client worker #82-1] INFO  o.e.m.c.i.e.AbstractTransferListenerAdapter - Downloading http://repo.maven.apache.org/maven2/org/apache/maven/plugins/maven-eclipse-plugin/2.9/maven-eclipse-plugin-2.9.jar
2014-07-03 18:04:47,587 [New I/O client worker #82-1] INFO  o.e.m.c.i.e.AbstractTransferListenerAdapter - Downloaded http://repo.maven.apache.org/maven2/org/apache/maven/plugins/maven-eclipse-plugin/2.9/maven-eclipse-plugin-2.9.jar
2014-07-03 18:04:47,871 [Worker-27] INFO  c.n.h.c.p.n.NettyAsyncHttpProvider - Number of application's worked threads is 16
2014-07-03 18:04:48,354 [New I/O client worker #83-1] INFO  o.e.m.c.i.e.AbstractTransferListenerAdapter - Downloading http://repo.maven.apache.org/maven2/org/codehaus/mojo/exec-maven-plugin/1.2.1/exec-maven-plugin-1.2.1.pom
2014-07-03 18:04:48,357 [New I/O client worker #83-1] INFO  o.e.m.c.i.e.AbstractTransferListenerAdapter - Downloaded http://repo.maven.apache.org/maven2/org/codehaus/mojo/exec-maven-plugin/1.2.1/exec-maven-plugin-1.2.1.pom
2014-07-03 18:04:48,587 [Worker-27] INFO  c.n.h.c.p.n.NettyAsyncHttpProvider - Number of application's worked threads is 16
2014-07-03 18:04:48,970 [New I/O client worker #84-1] INFO  o.e.m.c.i.e.AbstractTransferListenerAdapter - Downloading http://repo.maven.apache.org/maven2/org/codehaus/mojo/mojo-parent/28/mojo-parent-28.pom
2014-07-03 18:04:49,150 [New I/O client worker #84-1] INFO  o.e.m.c.i.e.AbstractTransferListenerAdapter - Downloaded http://repo.maven.apache.org/maven2/org/codehaus/mojo/mojo-parent/28/mojo-parent-28.pom
2014-07-03 18:04:49,397 [Worker-27] INFO  c.n.h.c.p.n.NettyAsyncHttpProvider - Number of application's worked threads is 16
2014-07-03 18:04:49,755 [New I/O client worker #85-1] INFO  o.e.m.c.i.e.AbstractTransferListenerAdapter - Downloading http://repo.maven.apache.org/maven2/org/codehaus/mojo/exec-maven-plugin/1.2.1/exec-maven-plugin-1.2.1.jar
2014-07-03 18:04:50,111 [New I/O client worker #85-1] INFO  o.e.m.c.i.e.AbstractTransferListenerAdapter - Downloaded http://repo.maven.apache.org/maven2/org/codehaus/mojo/exec-maven-plugin/1.2.1/exec-maven-plugin-1.2.1.jar
2014-07-03 18:04:50,327 [Worker-27] INFO  c.n.h.c.p.n.NettyAsyncHttpProvider - Number of application's worked threads is 16
2014-07-03 18:04:50,687 [New I/O client worker #86-1] INFO  o.e.m.c.i.e.AbstractTransferListenerAdapter - Downloading http://repo.maven.apache.org/maven2/org/apache/maven/plugins/maven-clean-plugin/2.4.1/maven-clean-plugin-2.4.1.pom
2014-07-03 18:04:50,691 [New I/O client worker #86-1] INFO  o.e.m.c.i.e.AbstractTransferListenerAdapter - Downloaded http://repo.maven.apache.org/maven2/org/apache/maven/plugins/maven-clean-plugin/2.4.1/maven-clean-plugin-2.4.1.pom
2014-07-03 18:04:51,276 [Worker-27] WARN  o.e.m.c.i.embedder.EclipseLogger - Using platform encoding (MS949 actually) to copy filtered resources, i.e. build is platform dependent!
2014-07-03 18:04:51,280 [Worker-27] INFO  o.e.m.c.i.embedder.EclipseLogger - Copying 1 resource
2014-07-03 18:04:51,290 [Worker-27] WARN  o.e.m.c.i.embedder.EclipseLogger - Using platform encoding (MS949 actually) to copy filtered resources, i.e. build is platform dependent!
2014-07-03 18:04:51,292 [Worker-27] INFO  o.e.m.c.i.embedder.EclipseLogger - Copying 1 resource
2014-07-03 18:04:52,999 [Worker-29] WARN  o.e.m.c.i.embedder.EclipseLogger - Using platform encoding (MS949 actually) to copy filtered resources, i.e. build is platform dependent!
2014-07-03 18:04:53,000 [Worker-29] INFO  o.e.m.c.i.embedder.EclipseLogger - Copying 1 resource
2014-07-03 18:04:53,005 [Worker-29] WARN  o.e.m.c.i.embedder.EclipseLogger - Using platform encoding (MS949 actually) to copy filtered resources, i.e. build is platform dependent!
2014-07-03 18:04:53,007 [Worker-29] INFO  o.e.m.c.i.embedder.EclipseLogger - Copying 1 resource
2014-07-03 18:04:54,125 [Worker-26] INFO  o.e.m.c.i.l.LifecycleMappingFactory - Using org.maven.ide.eclipse.wtp.WarLifecycleMapping lifecycle mapping for MavenProject: com.dhkim:guestbook:1.0.0-BUILD-SNAPSHOT @ C:\Users\Kim\Documents\GitHub\GuestBook\GuestBook\pom.xml.
2014-07-03 18:04:59,818 [Worker-31] WARN  o.e.m.c.i.embedder.EclipseLogger - Using platform encoding (MS949 actually) to copy filtered resources, i.e. build is platform dependent!
2014-07-03 18:04:59,822 [Worker-31] INFO  o.e.m.c.i.embedder.EclipseLogger - Copying 0 resource
2014-07-03 18:04:59,824 [Worker-31] WARN  o.e.m.c.i.embedder.EclipseLogger - Using platform encoding (MS949 actually) to copy filtered resources, i.e. build is platform dependent!
2014-07-03 18:04:59,825 [Worker-31] INFO  o.e.m.c.i.embedder.EclipseLogger - Copying 0 resource
2014-07-03 18:31:33,768 [Worker-50] INFO  o.e.m.w.i.f.ResourceFilteringBuildParticipant - Cleaning filtered folder for GuestBook
2014-07-03 18:31:34,016 [Worker-54] WARN  o.e.m.c.i.embedder.EclipseLogger - Using platform encoding (MS949 actually) to copy filtered resources, i.e. build is platform dependent!
2014-07-03 18:31:34,017 [Worker-54] INFO  o.e.m.c.i.embedder.EclipseLogger - Copying 1 resource
2014-07-03 18:31:34,021 [Worker-54] WARN  o.e.m.c.i.embedder.EclipseLogger - Using platform encoding (MS949 actually) to copy filtered resources, i.e. build is platform dependent!
2014-07-03 18:31:34,022 [Worker-54] INFO  o.e.m.c.i.embedder.EclipseLogger - Copying 1 resource
2014-07-03 18:36:42,370 [Worker-59] INFO  o.e.m.c.i.p.ProjectConfigurationManager - Update started
2014-07-03 18:36:42,408 [Worker-59] INFO  o.e.m.c.i.l.LifecycleMappingFactory - Using org.maven.ide.eclipse.wtp.WarLifecycleMapping lifecycle mapping for MavenProject: com.dhkim:guestbook:1.0.0-BUILD-SNAPSHOT @ C:\Users\Kim\Documents\GitHub\GuestBook\GuestBook\pom.xml.
2014-07-03 18:36:42,556 [Worker-59] INFO  o.e.m.j.i.AbstractJavaProjectConfigurator - Adding source folder /GuestBook/src/main/java
2014-07-03 18:36:42,556 [Worker-59] INFO  o.e.m.j.i.AbstractJavaProjectConfigurator - Resources folder /GuestBook/src/main/resources overlaps with sources folder /GuestBook/src/main/resources
2014-07-03 18:36:42,556 [Worker-59] INFO  o.e.m.j.i.AbstractJavaProjectConfigurator - Adding source folder /GuestBook/src/test/java
2014-07-03 18:36:42,557 [Worker-59] INFO  o.e.m.j.i.AbstractJavaProjectConfigurator - Resources folder /GuestBook/src/test/resources overlaps with sources folder /GuestBook/src/test/resources
2014-07-03 18:36:42,782 [Worker-59] INFO  o.e.m.w.i.f.ResourceFilteringBuildParticipant - Cleaning filtered folder for GuestBook
2014-07-03 18:36:42,787 [Worker-59] INFO  o.e.m.c.i.p.ProjectConfigurationManager - Update completed: 0 sec
2014-07-03 18:36:43,033 [Worker-61] INFO  o.e.m.c.i.l.LifecycleMappingFactory - Using org.maven.ide.eclipse.wtp.WarLifecycleMapping lifecycle mapping for MavenProject: com.dhkim:guestbook:1.0.0-BUILD-SNAPSHOT @ C:\Users\Kim\Documents\GitHub\GuestBook\GuestBook\pom.xml.
2014-07-03 18:36:43,309 [Worker-61] WARN  o.e.m.c.i.embedder.EclipseLogger - Using platform encoding (MS949 actually) to copy filtered resources, i.e. build is platform dependent!
2014-07-03 18:36:43,310 [Worker-61] INFO  o.e.m.c.i.embedder.EclipseLogger - Copying 1 resource
2014-07-03 18:36:43,315 [Worker-61] WARN  o.e.m.c.i.embedder.EclipseLogger - Using platform encoding (MS949 actually) to copy filtered resources, i.e. build is platform dependent!
2014-07-03 18:36:43,316 [Worker-61] INFO  o.e.m.c.i.embedder.EclipseLogger - Copying 1 resource
2014-07-03 18:39:11,679 [Worker-62] INFO  o.e.m.w.i.f.ResourceFilteringBuildParticipant - Cleaning filtered folder for GuestBook
2014-07-03 18:39:11,893 [Worker-68] WARN  o.e.m.c.i.embedder.EclipseLogger - Using platform encoding (MS949 actually) to copy filtered resources, i.e. build is platform dependent!
2014-07-03 18:39:11,894 [Worker-68] INFO  o.e.m.c.i.embedder.EclipseLogger - Copying 1 resource
2014-07-03 18:39:11,898 [Worker-68] WARN  o.e.m.c.i.embedder.EclipseLogger - Using platform encoding (MS949 actually) to copy filtered resources, i.e. build is platform dependent!
2014-07-03 18:39:11,899 [Worker-68] INFO  o.e.m.c.i.embedder.EclipseLogger - Copying 1 resource
2014-07-03 18:39:26,327 [Worker-68] INFO  o.e.m.w.i.f.ResourceFilteringBuildParticipant - Cleaning filtered folder for GuestBook
2014-07-03 18:39:26,392 [Worker-69] WARN  o.e.m.c.i.embedder.EclipseLogger - Using platform encoding (MS949 actually) to copy filtered resources, i.e. build is platform dependent!
2014-07-03 18:39:26,393 [Worker-69] INFO  o.e.m.c.i.embedder.EclipseLogger - Copying 1 resource
2014-07-03 18:39:26,397 [Worker-69] WARN  o.e.m.c.i.embedder.EclipseLogger - Using platform encoding (MS949 actually) to copy filtered resources, i.e. build is platform dependent!
2014-07-03 18:39:26,398 [Worker-69] INFO  o.e.m.c.i.embedder.EclipseLogger - Copying 1 resource
2014-07-03 18:39:35,705 [Worker-68] INFO  o.e.m.w.i.f.ResourceFilteringBuildParticipant - Cleaning filtered folder for GuestBook
2014-07-03 18:39:35,764 [Worker-67] WARN  o.e.m.c.i.embedder.EclipseLogger - Using platform encoding (MS949 actually) to copy filtered resources, i.e. build is platform dependent!
2014-07-03 18:39:35,766 [Worker-67] INFO  o.e.m.c.i.embedder.EclipseLogger - Copying 1 resource
2014-07-03 18:39:35,771 [Worker-67] WARN  o.e.m.c.i.embedder.EclipseLogger - Using platform encoding (MS949 actually) to copy filtered resources, i.e. build is platform dependent!
2014-07-03 18:39:35,772 [Worker-67] INFO  o.e.m.c.i.embedder.EclipseLogger - Copying 1 resource
2014-07-03 18:40:47,670 [Worker-70] INFO  o.e.m.i.launch.MavenLaunchDelegate - C:\Users\Kim\Documents\GitHub\GuestBook\GuestBook
2014-07-03 18:40:47,670 [Worker-70] INFO  o.e.m.i.launch.MavenLaunchDelegate -  mvn  -B clean
2014-07-03 18:41:00,887 [main] INFO  o.e.m2e.actions.ExecutePomAction - Creating new launch configuration
2014-07-03 18:41:11,563 [main] INFO  o.e.m2e.actions.ExecutePomAction - Using existing launch configuration
2014-07-03 18:41:18,731 [Worker-62] INFO  o.e.m.i.launch.MavenLaunchDelegate - C:\Users\Kim\Documents\GitHub\GuestBook\GuestBook
2014-07-03 18:41:18,731 [Worker-62] INFO  o.e.m.i.launch.MavenLaunchDelegate -  mvn  -B 
2014-07-03 18:44:50,337 [Worker-71] INFO  o.e.m.i.launch.MavenLaunchDelegate - C:\Users\Kim\Documents\GitHub\GuestBook\GuestBook
2014-07-03 18:44:50,337 [Worker-71] INFO  o.e.m.i.launch.MavenLaunchDelegate -  mvn  -B clean
2014-07-03 18:44:59,725 [main] INFO  o.e.m2e.actions.ExecutePomAction - Using existing launch configuration
2014-07-03 18:45:01,905 [Worker-76] INFO  o.e.m.i.launch.MavenLaunchDelegate - C:\Users\Kim\Documents\GitHub\GuestBook\GuestBook
2014-07-03 18:45:01,905 [Worker-76] INFO  o.e.m.i.launch.MavenLaunchDelegate -  mvn  -B 
2014-07-03 18:51:06,847 [Worker-78] INFO  o.e.m.i.launch.MavenLaunchDelegate - C:\Users\Kim\Documents\GitHub\GuestBook\GuestBook
2014-07-03 18:51:06,848 [Worker-78] INFO  o.e.m.i.launch.MavenLaunchDelegate -  mvn  -B clean
2014-07-03 18:51:12,561 [main] INFO  o.e.m2e.actions.ExecutePomAction - Using existing launch configuration
2014-07-03 18:51:43,574 [main] INFO  c.n.h.c.p.n.NettyAsyncHttpProvider - Number of application's worked threads is 16
2014-07-03 18:51:44,089 [New I/O client worker #87-1] INFO  o.e.m.c.i.e.AbstractTransferListenerAdapter - Downloading http://repo.maven.apache.org/maven2/org/codehaus/plexus/plexus-classworlds/2.5.1/plexus-classworlds-2.5.1-sources.jar
2014-07-03 18:51:44,788 [New I/O client worker #87-1] INFO  o.e.m.c.i.e.AbstractTransferListenerAdapter - Downloaded http://repo.maven.apache.org/maven2/org/codehaus/plexus/plexus-classworlds/2.5.1/plexus-classworlds-2.5.1-sources.jar
2014-07-03 18:51:45,102 [main] INFO  c.n.h.c.p.n.NettyAsyncHttpProvider - Number of application's worked threads is 16
2014-07-03 18:51:45,572 [New I/O client worker #88-1] INFO  o.e.m.c.i.e.AbstractTransferListenerAdapter - Downloading http://repo.maven.apache.org/maven2/org/eclipse/aether/aether-api/0.9.0.M2/aether-api-0.9.0.M2-sources.jar
2014-07-03 18:51:46,740 [New I/O client worker #88-1] INFO  o.e.m.c.i.e.AbstractTransferListenerAdapter - Downloaded http://repo.maven.apache.org/maven2/org/eclipse/aether/aether-api/0.9.0.M2/aether-api-0.9.0.M2-sources.jar
2014-07-03 18:51:47,039 [main] INFO  c.n.h.c.p.n.NettyAsyncHttpProvider - Number of application's worked threads is 16
2014-07-03 18:51:47,405 [New I/O client worker #89-1] INFO  o.e.m.c.i.e.AbstractTransferListenerAdapter - Downloading http://repo.maven.apache.org/maven2/org/eclipse/aether/aether-connector-wagon/0.9.0.M2/aether-connector-wagon-0.9.0.M2-sources.jar
2014-07-03 18:51:47,585 [New I/O client worker #89-1] INFO  o.e.m.c.i.e.AbstractTransferListenerAdapter - Downloaded http://repo.maven.apache.org/maven2/org/eclipse/aether/aether-connector-wagon/0.9.0.M2/aether-connector-wagon-0.9.0.M2-sources.jar
2014-07-03 18:51:47,829 [main] INFO  c.n.h.c.p.n.NettyAsyncHttpProvider - Number of application's worked threads is 16
2014-07-03 18:51:48,238 [New I/O client worker #90-1] INFO  o.e.m.c.i.e.AbstractTransferListenerAdapter - Downloading http://repo.maven.apache.org/maven2/org/eclipse/aether/aether-impl/0.9.0.M2/aether-impl-0.9.0.M2-sources.jar
2014-07-03 18:51:49,060 [New I/O client worker #90-1] INFO  o.e.m.c.i.e.AbstractTransferListenerAdapter - Downloaded http://repo.maven.apache.org/maven2/org/eclipse/aether/aether-impl/0.9.0.M2/aether-impl-0.9.0.M2-sources.jar
2014-07-03 18:51:49,314 [main] INFO  c.n.h.c.p.n.NettyAsyncHttpProvider - Number of application's worked threads is 16
2014-07-03 18:51:49,679 [New I/O client worker #91-1] INFO  o.e.m.c.i.e.AbstractTransferListenerAdapter - Downloading http://repo.maven.apache.org/maven2/org/eclipse/aether/aether-spi/0.9.0.M2/aether-spi-0.9.0.M2-sources.jar
2014-07-03 18:51:49,858 [New I/O client worker #91-1] INFO  o.e.m.c.i.e.AbstractTransferListenerAdapter - Downloaded http://repo.maven.apache.org/maven2/org/eclipse/aether/aether-spi/0.9.0.M2/aether-spi-0.9.0.M2-sources.jar
2014-07-03 18:51:50,123 [main] INFO  c.n.h.c.p.n.NettyAsyncHttpProvider - Number of application's worked threads is 16
2014-07-03 18:51:50,536 [New I/O client worker #92-1] INFO  o.e.m.c.i.e.AbstractTransferListenerAdapter - Downloading http://repo.maven.apache.org/maven2/org/eclipse/aether/aether-util/0.9.0.M2/aether-util-0.9.0.M2-sources.jar
2014-07-03 18:51:51,355 [New I/O client worker #92-1] INFO  o.e.m.c.i.e.AbstractTransferListenerAdapter - Downloaded http://repo.maven.apache.org/maven2/org/eclipse/aether/aether-util/0.9.0.M2/aether-util-0.9.0.M2-sources.jar
2014-07-03 18:51:51,622 [main] INFO  c.n.h.c.p.n.NettyAsyncHttpProvider - Number of application's worked threads is 16
2014-07-03 18:51:52,093 [New I/O client worker #93-1] INFO  o.e.m.c.i.e.AbstractTransferListenerAdapter - Downloading http://repo.maven.apache.org/maven2/javax/enterprise/cdi-api/1.0/cdi-api-1.0-sources.jar
2014-07-03 18:51:53,026 [New I/O client worker #93-1] INFO  o.e.m.c.i.e.AbstractTransferListenerAdapter - Downloaded http://repo.maven.apache.org/maven2/javax/enterprise/cdi-api/1.0/cdi-api-1.0-sources.jar
2014-07-03 18:51:53,322 [main] INFO  c.n.h.c.p.n.NettyAsyncHttpProvider - Number of application's worked threads is 16
2014-07-03 18:51:53,737 [New I/O client worker #94-1] INFO  o.e.m.c.i.e.AbstractTransferListenerAdapter - Downloading http://repo.maven.apache.org/maven2/commons-cli/commons-cli/1.2/commons-cli-1.2-sources.jar
2014-07-03 18:51:54,349 [New I/O client worker #94-1] INFO  o.e.m.c.i.e.AbstractTransferListenerAdapter - Downloaded http://repo.maven.apache.org/maven2/commons-cli/commons-cli/1.2/commons-cli-1.2-sources.jar
2014-07-03 18:51:54,640 [main] INFO  c.n.h.c.p.n.NettyAsyncHttpProvider - Number of application's worked threads is 16
2014-07-03 18:51:55,113 [New I/O client worker #95-1] INFO  o.e.m.c.i.e.AbstractTransferListenerAdapter - Downloading http://repo.maven.apache.org/maven2/com/google/guava/guava/11.0.2/guava-11.0.2-sources.jar
2014-07-03 18:51:57,463 [New I/O client worker #95-1] INFO  o.e.m.c.i.e.AbstractTransferListenerAdapter - Downloaded http://repo.maven.apache.org/maven2/com/google/guava/guava/11.0.2/guava-11.0.2-sources.jar
2014-07-03 18:51:57,783 [main] INFO  c.n.h.c.p.n.NettyAsyncHttpProvider - Number of application's worked threads is 16
2014-07-03 18:51:58,147 [New I/O client worker #96-1] INFO  o.e.m.c.i.e.AbstractTransferListenerAdapter - Downloading http://repo.maven.apache.org/maven2/org/apache/maven/maven-aether-provider/3.1.1/maven-aether-provider-3.1.1-sources.jar
2014-07-03 18:51:58,504 [New I/O client worker #96-1] INFO  o.e.m.c.i.e.AbstractTransferListenerAdapter - Downloaded http://repo.maven.apache.org/maven2/org/apache/maven/maven-aether-provider/3.1.1/maven-aether-provider-3.1.1-sources.jar
2014-07-03 18:51:58,721 [main] INFO  c.n.h.c.p.n.NettyAsyncHttpProvider - Number of application's worked threads is 16
2014-07-03 18:51:59,192 [New I/O client worker #97-1] INFO  o.e.m.c.i.e.AbstractTransferListenerAdapter - Downloading http://repo.maven.apache.org/maven2/org/apache/maven/maven-artifact/3.1.1/maven-artifact-3.1.1-sources.jar
2014-07-03 18:51:59,853 [New I/O client worker #97-1] INFO  o.e.m.c.i.e.AbstractTransferListenerAdapter - Downloaded http://repo.maven.apache.org/maven2/org/apache/maven/maven-artifact/3.1.1/maven-artifact-3.1.1-sources.jar
2014-07-03 18:52:00,141 [main] INFO  c.n.h.c.p.n.NettyAsyncHttpProvider - Number of application's worked threads is 16
2014-07-03 18:52:00,554 [New I/O client worker #98-1] INFO  o.e.m.c.i.e.AbstractTransferListenerAdapter - Downloading http://repo.maven.apache.org/maven2/org/apache/maven/maven-compat/3.1.1/maven-compat-3.1.1-sources.jar
2014-07-03 18:52:01,786 [New I/O client worker #98-1] INFO  o.e.m.c.i.e.AbstractTransferListenerAdapter - Downloaded http://repo.maven.apache.org/maven2/org/apache/maven/maven-compat/3.1.1/maven-compat-3.1.1-sources.jar
2014-07-03 18:52:02,053 [main] INFO  c.n.h.c.p.n.NettyAsyncHttpProvider - Number of application's worked threads is 16
2014-07-03 18:52:02,530 [New I/O client worker #99-1] INFO  o.e.m.c.i.e.AbstractTransferListenerAdapter - Downloading http://repo.maven.apache.org/maven2/org/apache/maven/maven-core/3.1.1/maven-core-3.1.1-sources.jar
2014-07-03 18:52:04,414 [New I/O client worker #99-1] INFO  o.e.m.c.i.e.AbstractTransferListenerAdapter - Downloaded http://repo.maven.apache.org/maven2/org/apache/maven/maven-core/3.1.1/maven-core-3.1.1-sources.jar
2014-07-03 18:52:04,719 [main] INFO  c.n.h.c.p.n.NettyAsyncHttpProvider - Number of application's worked threads is 16
2014-07-03 18:52:05,077 [New I/O client worker #100-1] INFO  o.e.m.c.i.e.AbstractTransferListenerAdapter - Downloading http://repo.maven.apache.org/maven2/org/apache/maven/maven-embedder/3.1.1/maven-embedder-3.1.1-sources.jar
2014-07-03 18:52:05,442 [New I/O client worker #100-1] INFO  o.e.m.c.i.e.AbstractTransferListenerAdapter - Downloaded http://repo.maven.apache.org/maven2/org/apache/maven/maven-embedder/3.1.1/maven-embedder-3.1.1-sources.jar
2014-07-03 18:52:05,658 [main] INFO  c.n.h.c.p.n.NettyAsyncHttpProvider - Number of application's worked threads is 16
2014-07-03 18:52:06,019 [New I/O client worker #101-1] INFO  o.e.m.c.i.e.AbstractTransferListenerAdapter - Downloading http://repo.maven.apache.org/maven2/org/apache/maven/maven-model/3.1.1/maven-model-3.1.1-sources.jar
2014-07-03 18:52:06,735 [New I/O client worker #101-1] INFO  o.e.m.c.i.e.AbstractTransferListenerAdapter - Downloaded http://repo.maven.apache.org/maven2/org/apache/maven/maven-model/3.1.1/maven-model-3.1.1-sources.jar
2014-07-03 18:52:06,971 [main] INFO  c.n.h.c.p.n.NettyAsyncHttpProvider - Number of application's worked threads is 16
2014-07-03 18:52:07,332 [New I/O client worker #102-1] INFO  o.e.m.c.i.e.AbstractTransferListenerAdapter - Downloading http://repo.maven.apache.org/maven2/org/apache/maven/maven-model-builder/3.1.1/maven-model-builder-3.1.1-sources.jar
2014-07-03 18:52:08,223 [New I/O client worker #102-1] INFO  o.e.m.c.i.e.AbstractTransferListenerAdapter - Downloaded http://repo.maven.apache.org/maven2/org/apache/maven/maven-model-builder/3.1.1/maven-model-builder-3.1.1-sources.jar
2014-07-03 18:52:08,456 [main] INFO  c.n.h.c.p.n.NettyAsyncHttpProvider - Number of application's worked threads is 16
2014-07-03 18:52:08,873 [New I/O client worker #103-1] INFO  o.e.m.c.i.e.AbstractTransferListenerAdapter - Downloading http://repo.maven.apache.org/maven2/org/apache/maven/maven-plugin-api/3.1.1/maven-plugin-api-3.1.1-sources.jar
2014-07-03 18:52:09,487 [New I/O client worker #103-1] INFO  o.e.m.c.i.e.AbstractTransferListenerAdapter - Downloaded http://repo.maven.apache.org/maven2/org/apache/maven/maven-plugin-api/3.1.1/maven-plugin-api-3.1.1-sources.jar
2014-07-03 18:52:09,724 [main] INFO  c.n.h.c.p.n.NettyAsyncHttpProvider - Number of application's worked threads is 16
2014-07-03 18:52:10,195 [New I/O client worker #104-1] INFO  o.e.m.c.i.e.AbstractTransferListenerAdapter - Downloading http://repo.maven.apache.org/maven2/org/apache/maven/maven-repository-metadata/3.1.1/maven-repository-metadata-3.1.1-sources.jar
2014-07-03 18:52:10,428 [New I/O client worker #104-1] INFO  o.e.m.c.i.e.AbstractTransferListenerAdapter - Downloaded http://repo.maven.apache.org/maven2/org/apache/maven/maven-repository-metadata/3.1.1/maven-repository-metadata-3.1.1-sources.jar
2014-07-03 18:52:10,739 [main] INFO  c.n.h.c.p.n.NettyAsyncHttpProvider - Number of application's worked threads is 16
2014-07-03 18:52:11,209 [New I/O client worker #105-1] INFO  o.e.m.c.i.e.AbstractTransferListenerAdapter - Downloading http://repo.maven.apache.org/maven2/org/apache/maven/maven-settings/3.1.1/maven-settings-3.1.1-sources.jar
2014-07-03 18:52:11,678 [New I/O client worker #105-1] INFO  o.e.m.c.i.e.AbstractTransferListenerAdapter - Downloaded http://repo.maven.apache.org/maven2/org/apache/maven/maven-settings/3.1.1/maven-settings-3.1.1-sources.jar
2014-07-03 18:52:11,968 [main] INFO  c.n.h.c.p.n.NettyAsyncHttpProvider - Number of application's worked threads is 16
2014-07-03 18:52:12,439 [New I/O client worker #106-1] INFO  o.e.m.c.i.e.AbstractTransferListenerAdapter - Downloading http://repo.maven.apache.org/maven2/org/apache/maven/maven-settings-builder/3.1.1/maven-settings-builder-3.1.1-sources.jar
2014-07-03 18:52:12,908 [New I/O client worker #106-1] INFO  o.e.m.c.i.e.AbstractTransferListenerAdapter - Downloaded http://repo.maven.apache.org/maven2/org/apache/maven/maven-settings-builder/3.1.1/maven-settings-builder-3.1.1-sources.jar
2014-07-03 18:52:13,199 [main] INFO  c.n.h.c.p.n.NettyAsyncHttpProvider - Number of application's worked threads is 16
2014-07-03 18:52:13,560 [New I/O client worker #107-1] INFO  o.e.m.c.i.e.AbstractTransferListenerAdapter - Downloading http://repo.maven.apache.org/maven2/org/sonatype/plexus/plexus-cipher/1.7/plexus-cipher-1.7-sources.jar
2014-07-03 18:52:13,564 [New I/O client worker #107-1] INFO  o.e.m.c.i.e.AbstractTransferListenerAdapter - Downloaded http://repo.maven.apache.org/maven2/org/sonatype/plexus/plexus-cipher/1.7/plexus-cipher-1.7-sources.jar
2014-07-03 18:52:13,809 [main] INFO  c.n.h.c.p.n.NettyAsyncHttpProvider - Number of application's worked threads is 16
2014-07-03 18:52:14,243 [New I/O client worker #108-1] INFO  o.e.m.c.i.e.AbstractTransferListenerAdapter - Downloading http://repo.maven.apache.org/maven2/org/codehaus/plexus/plexus-component-annotations/1.5.5/plexus-component-annotations-1.5.5-sources.jar
2014-07-03 18:52:14,245 [New I/O client worker #108-1] INFO  o.e.m.c.i.e.AbstractTransferListenerAdapter - Downloaded http://repo.maven.apache.org/maven2/org/codehaus/plexus/plexus-component-annotations/1.5.5/plexus-component-annotations-1.5.5-sources.jar
2014-07-03 18:52:14,514 [main] INFO  c.n.h.c.p.n.NettyAsyncHttpProvider - Number of application's worked threads is 16
2014-07-03 18:52:14,877 [New I/O client worker #109-1] INFO  o.e.m.c.i.e.AbstractTransferListenerAdapter - Downloading http://repo.maven.apache.org/maven2/org/codehaus/plexus/plexus-interpolation/1.19/plexus-interpolation-1.19-sources.jar
2014-07-03 18:52:15,416 [New I/O client worker #109-1] INFO  o.e.m.c.i.e.AbstractTransferListenerAdapter - Downloaded http://repo.maven.apache.org/maven2/org/codehaus/plexus/plexus-interpolation/1.19/plexus-interpolation-1.19-sources.jar
2014-07-03 18:52:15,632 [main] INFO  c.n.h.c.p.n.NettyAsyncHttpProvider - Number of application's worked threads is 16
2014-07-03 18:52:16,102 [New I/O client worker #110-1] INFO  o.e.m.c.i.e.AbstractTransferListenerAdapter - Downloading http://repo.maven.apache.org/maven2/org/sonatype/plexus/plexus-sec-dispatcher/1.3/plexus-sec-dispatcher-1.3-sources.jar
2014-07-03 18:52:16,338 [New I/O client worker #110-1] INFO  o.e.m.c.i.e.AbstractTransferListenerAdapter - Downloaded http://repo.maven.apache.org/maven2/org/sonatype/plexus/plexus-sec-dispatcher/1.3/plexus-sec-dispatcher-1.3-sources.jar
2014-07-03 18:52:16,631 [main] INFO  c.n.h.c.p.n.NettyAsyncHttpProvider - Number of application's worked threads is 16
2014-07-03 18:52:17,100 [New I/O client worker #111-1] INFO  o.e.m.c.i.e.AbstractTransferListenerAdapter - Downloading http://repo.maven.apache.org/maven2/org/codehaus/plexus/plexus-utils/3.0.15/plexus-utils-3.0.15-sources.jar
2014-07-03 18:52:18,519 [New I/O client worker #111-1] INFO  o.e.m.c.i.e.AbstractTransferListenerAdapter - Downloaded http://repo.maven.apache.org/maven2/org/codehaus/plexus/plexus-utils/3.0.15/plexus-utils-3.0.15-sources.jar
2014-07-03 18:52:18,853 [main] INFO  c.n.h.c.p.n.NettyAsyncHttpProvider - Number of application's worked threads is 16
2014-07-03 18:52:19,271 [New I/O client worker #112-1] INFO  o.e.m.c.i.e.AbstractTransferListenerAdapter - Downloading http://repo.maven.apache.org/maven2/org/slf4j/slf4j-api/1.7.5/slf4j-api-1.7.5-sources.jar
2014-07-03 18:52:19,880 [New I/O client worker #112-1] INFO  o.e.m.c.i.e.AbstractTransferListenerAdapter - Downloaded http://repo.maven.apache.org/maven2/org/slf4j/slf4j-api/1.7.5/slf4j-api-1.7.5-sources.jar
2014-07-03 18:52:20,118 [main] INFO  c.n.h.c.p.n.NettyAsyncHttpProvider - Number of application's worked threads is 16
2014-07-03 18:52:20,526 [New I/O client worker #113-1] INFO  o.e.m.c.i.e.AbstractTransferListenerAdapter - Downloading http://repo.maven.apache.org/maven2/org/slf4j/slf4j-simple/1.7.5/slf4j-simple-1.7.5-sources.jar
2014-07-03 18:52:20,528 [New I/O client worker #113-1] INFO  o.e.m.c.i.e.AbstractTransferListenerAdapter - Downloaded http://repo.maven.apache.org/maven2/org/slf4j/slf4j-simple/1.7.5/slf4j-simple-1.7.5-sources.jar
2014-07-03 18:52:20,780 [main] INFO  c.n.h.c.p.n.NettyAsyncHttpProvider - Number of application's worked threads is 16
2014-07-03 18:52:21,140 [New I/O client worker #114-1] INFO  o.e.m.c.i.e.AbstractTransferListenerAdapter - Downloading http://repo.maven.apache.org/maven2/org/apache/maven/wagon/wagon-file/2.4/wagon-file-2.4-sources.jar
2014-07-03 18:52:21,146 [New I/O client worker #114-1] INFO  o.e.m.c.i.e.AbstractTransferListenerAdapter - Downloaded http://repo.maven.apache.org/maven2/org/apache/maven/wagon/wagon-file/2.4/wagon-file-2.4-sources.jar
2014-07-03 18:52:21,379 [main] INFO  c.n.h.c.p.n.NettyAsyncHttpProvider - Number of application's worked threads is 16
2014-07-03 18:52:21,850 [New I/O client worker #115-1] INFO  o.e.m.c.i.e.AbstractTransferListenerAdapter - Downloading http://repo.maven.apache.org/maven2/org/apache/maven/wagon/wagon-http/2.4/wagon-http-2.4-sources.jar
2014-07-03 18:52:21,853 [New I/O client worker #115-1] INFO  o.e.m.c.i.e.AbstractTransferListenerAdapter - Downloaded http://repo.maven.apache.org/maven2/org/apache/maven/wagon/wagon-http/2.4/wagon-http-2.4-sources.jar
2014-07-03 18:52:22,147 [main] INFO  c.n.h.c.p.n.NettyAsyncHttpProvider - Number of application's worked threads is 16
2014-07-03 18:52:22,567 [New I/O client worker #116-1] INFO  o.e.m.c.i.e.AbstractTransferListenerAdapter - Downloading http://repo.maven.apache.org/maven2/org/apache/maven/wagon/wagon-http-shared4/2.4/wagon-http-shared4-2.4-sources.jar
2014-07-03 18:52:22,774 [New I/O client worker #116-1] INFO  o.e.m.c.i.e.AbstractTransferListenerAdapter - Downloaded http://repo.maven.apache.org/maven2/org/apache/maven/wagon/wagon-http-shared4/2.4/wagon-http-shared4-2.4-sources.jar
2014-07-03 18:52:23,017 [main] INFO  c.n.h.c.p.n.NettyAsyncHttpProvider - Number of application's worked threads is 16
2014-07-03 18:52:23,493 [New I/O client worker #117-1] INFO  o.e.m.c.i.e.AbstractTransferListenerAdapter - Downloading http://repo.maven.apache.org/maven2/commons-logging/commons-logging/1.1.1/commons-logging-1.1.1-sources.jar
2014-07-03 18:52:24,201 [New I/O client worker #117-1] INFO  o.e.m.c.i.e.AbstractTransferListenerAdapter - Downloaded http://repo.maven.apache.org/maven2/commons-logging/commons-logging/1.1.1/commons-logging-1.1.1-sources.jar
2014-07-03 18:52:24,558 [main] INFO  c.n.h.c.p.n.NettyAsyncHttpProvider - Number of application's worked threads is 16
2014-07-03 18:52:25,031 [New I/O client worker #118-1] INFO  o.e.m.c.i.e.AbstractTransferListenerAdapter - Downloading http://repo.maven.apache.org/maven2/org/apache/httpcomponents/httpclient/4.2.3/httpclient-4.2.3-sources.jar
2014-07-03 18:52:26,931 [New I/O client worker #118-1] INFO  o.e.m.c.i.e.AbstractTransferListenerAdapter - Downloaded http://repo.maven.apache.org/maven2/org/apache/httpcomponents/httpclient/4.2.3/httpclient-4.2.3-sources.jar
2014-07-03 18:52:27,225 [main] INFO  c.n.h.c.p.n.NettyAsyncHttpProvider - Number of application's worked threads is 16
2014-07-03 18:52:27,641 [New I/O client worker #119-1] INFO  o.e.m.c.i.e.AbstractTransferListenerAdapter - Downloading http://repo.maven.apache.org/maven2/commons-codec/commons-codec/1.6/commons-codec-1.6-sources.jar
2014-07-03 18:52:28,890 [New I/O client worker #119-1] INFO  o.e.m.c.i.e.AbstractTransferListenerAdapter - Downloaded http://repo.maven.apache.org/maven2/commons-codec/commons-codec/1.6/commons-codec-1.6-sources.jar
2014-07-03 18:52:29,169 [main] INFO  c.n.h.c.p.n.NettyAsyncHttpProvider - Number of application's worked threads is 16
2014-07-03 18:52:29,532 [New I/O client worker #120-1] INFO  o.e.m.c.i.e.AbstractTransferListenerAdapter - Downloading http://repo.maven.apache.org/maven2/org/apache/httpcomponents/httpcore/4.2.3/httpcore-4.2.3-sources.jar
2014-07-03 18:52:30,783 [New I/O client worker #120-1] INFO  o.e.m.c.i.e.AbstractTransferListenerAdapter - Downloaded http://repo.maven.apache.org/maven2/org/apache/httpcomponents/httpcore/4.2.3/httpcore-4.2.3-sources.jar
2014-07-03 18:52:31,030 [main] INFO  c.n.h.c.p.n.NettyAsyncHttpProvider - Number of application's worked threads is 16
2014-07-03 18:52:31,498 [New I/O client worker #121-1] INFO  o.e.m.c.i.e.AbstractTransferListenerAdapter - Downloading http://repo.maven.apache.org/maven2/org/apache/maven/wagon/wagon-provider-api/2.4/wagon-provider-api-2.4-sources.jar
2014-07-03 18:52:32,196 [New I/O client worker #121-1] INFO  o.e.m.c.i.e.AbstractTransferListenerAdapter - Downloaded http://repo.maven.apache.org/maven2/org/apache/maven/wagon/wagon-provider-api/2.4/wagon-provider-api-2.4-sources.jar
2014-07-03 18:52:42,465 [Worker-78] INFO  o.e.m.i.launch.MavenLaunchDelegate - C:\Users\Kim\Documents\GitHub\GuestBook\GuestBook
2014-07-03 18:52:42,466 [Worker-78] INFO  o.e.m.i.launch.MavenLaunchDelegate -  mvn  -B 
2014-07-03 18:53:24,020 [main] INFO  o.e.m2e.actions.ExecutePomAction - Using existing launch configuration
2014-07-03 20:07:22,509 [main] INFO  o.e.m2e.actions.ExecutePomAction - Creating new launch configuration
2014-07-03 20:07:26,954 [Worker-84] INFO  o.e.m.i.launch.MavenLaunchDelegate - C:\Users\Kim\Documents\GitHub\GuestBook\GuestBook
2014-07-03 20:07:26,955 [Worker-84] INFO  o.e.m.i.launch.MavenLaunchDelegate -  mvn  -B mvn build
2014-07-03 20:09:06,750 [main] INFO  o.e.m2e.actions.ExecutePomAction - Creating new launch configuration
2014-07-03 20:09:12,161 [Worker-89] INFO  o.e.m.i.launch.MavenLaunchDelegate - C:\Users\Kim\Documents\GitHub\GuestBook\GuestBook
2014-07-03 20:09:12,161 [Worker-89] INFO  o.e.m.i.launch.MavenLaunchDelegate -  mvn  -B mvn test
2014-07-03 20:10:33,000 [main] INFO  o.e.m2e.actions.ExecutePomAction - Creating new launch configuration
2014-07-03 20:12:30,320 [Worker-90] INFO  o.e.m.i.launch.MavenLaunchDelegate - C:\Users\Kim\Documents\GitHub\GuestBook\GuestBook
2014-07-03 20:12:30,321 [Worker-90] INFO  o.e.m.i.launch.MavenLaunchDelegate -  mvn  -B compile
2014-07-03 20:13:06,549 [main] INFO  o.e.m2e.actions.ExecutePomAction - Creating new launch configuration
2014-07-03 20:13:15,043 [Worker-90] INFO  o.e.m.i.launch.MavenLaunchDelegate - C:\Users\Kim\Documents\GitHub\GuestBook\GuestBook
2014-07-03 20:13:15,044 [Worker-90] INFO  o.e.m.i.launch.MavenLaunchDelegate -  mvn  -B compile -e
2014-07-03 20:17:17,375 [Worker-97] INFO  o.e.m.c.i.l.LifecycleMappingFactory - Using org.maven.ide.eclipse.wtp.WarLifecycleMapping lifecycle mapping for MavenProject: com.dhkim:guestbook:1.0.0-BUILD-SNAPSHOT @ C:\Users\Kim\Documents\GitHub\GuestBook\GuestBook\pom.xml.
2014-07-03 20:17:24,706 [main] INFO  o.e.m2e.actions.ExecutePomAction - Creating new launch configuration
2014-07-03 20:17:32,206 [Worker-99] INFO  o.e.m.i.launch.MavenLaunchDelegate - C:\Users\Kim\Documents\GitHub\GuestBook\GuestBook
2014-07-03 20:17:32,206 [Worker-99] INFO  o.e.m.i.launch.MavenLaunchDelegate -  mvn  -B compile -e
2014-07-03 20:21:50,455 [main] INFO  o.e.m2e.actions.ExecutePomAction - Creating new launch configuration
2014-07-03 20:21:56,771 [Worker-92] INFO  o.e.m.i.launch.MavenLaunchDelegate - C:\Users\Kim\Documents\GitHub\GuestBook\GuestBook
2014-07-03 20:21:56,771 [Worker-92] INFO  o.e.m.i.launch.MavenLaunchDelegate -  mvn  -B compile -X
2014-07-03 20:22:48,423 [Worker-103] INFO  o.e.m.i.launch.MavenLaunchDelegate - C:\Users\Kim\Documents\GitHub\GuestBook\GuestBook
2014-07-03 20:22:48,423 [Worker-103] INFO  o.e.m.i.launch.MavenLaunchDelegate -  mvn  -B clean
2014-07-03 20:22:53,591 [Worker-103] INFO  o.e.m.i.launch.MavenLaunchDelegate - C:\Users\Kim\Documents\GitHub\GuestBook\GuestBook
2014-07-03 20:22:53,591 [Worker-103] INFO  o.e.m.i.launch.MavenLaunchDelegate -  mvn  -B install
2014-07-03 20:25:15,422 [main] INFO  o.e.m2e.actions.ExecutePomAction - Creating new launch configuration
2014-07-03 20:25:20,529 [Worker-106] INFO  o.e.m.i.launch.MavenLaunchDelegate - C:\Users\Kim\Documents\GitHub\GuestBook\GuestBook
2014-07-03 20:25:20,530 [Worker-106] INFO  o.e.m.i.launch.MavenLaunchDelegate -  mvn  -B compile -e -X
2014-07-03 20:25:37,883 [main] INFO  o.e.m2e.actions.ExecutePomAction - Creating new launch configuration
2014-07-03 20:25:42,340 [Worker-107] INFO  o.e.m.i.launch.MavenLaunchDelegate - C:\Users\Kim\Documents\GitHub\GuestBook\GuestBook
2014-07-03 20:25:42,341 [Worker-107] INFO  o.e.m.i.launch.MavenLaunchDelegate -  mvn  -B test
2014-07-03 20:27:11,583 [Worker-105] INFO  o.e.m.c.i.p.ProjectConfigurationManager - Update started
2014-07-03 20:27:11,642 [Worker-105] INFO  o.e.m.c.i.l.LifecycleMappingFactory - Using org.maven.ide.eclipse.wtp.WarLifecycleMapping lifecycle mapping for MavenProject: com.dhkim:guestbook:1.0.0-BUILD-SNAPSHOT @ C:\Users\Kim\Documents\GitHub\GuestBook\GuestBook\pom.xml.
2014-07-03 20:27:11,849 [Worker-105] INFO  o.e.m.j.i.AbstractJavaProjectConfigurator - Adding source folder /GuestBook/src/main/java
2014-07-03 20:27:11,849 [Worker-105] INFO  o.e.m.j.i.AbstractJavaProjectConfigurator - Resources folder /GuestBook/src/main/resources overlaps with sources folder /GuestBook/src/main/resources
2014-07-03 20:27:11,850 [Worker-105] INFO  o.e.m.j.i.AbstractJavaProjectConfigurator - Adding source folder /GuestBook/src/test/java
2014-07-03 20:27:11,850 [Worker-105] INFO  o.e.m.j.i.AbstractJavaProjectConfigurator - Resources folder /GuestBook/src/test/resources overlaps with sources folder /GuestBook/src/test/resources
2014-07-03 20:27:12,116 [Worker-105] INFO  o.e.m.w.i.f.ResourceFilteringBuildParticipant - Cleaning filtered folder for GuestBook
2014-07-03 20:27:12,120 [Worker-105] INFO  o.e.m.c.i.p.ProjectConfigurationManager - Update completed: 0 sec
2014-07-03 20:27:13,165 [Worker-111] INFO  o.e.m.c.i.l.LifecycleMappingFactory - Using org.maven.ide.eclipse.wtp.WarLifecycleMapping lifecycle mapping for MavenProject: com.dhkim:guestbook:1.0.0-BUILD-SNAPSHOT @ C:\Users\Kim\Documents\GitHub\GuestBook\GuestBook\pom.xml.
2014-07-03 20:30:01,432 [Worker-113] INFO  o.e.m.c.i.l.LifecycleMappingFactory - Using org.maven.ide.eclipse.wtp.WarLifecycleMapping lifecycle mapping for MavenProject: com.dhkim:guestbook:1.0.0-BUILD-SNAPSHOT @ C:\Users\Kim\Documents\GitHub\GuestBook\GuestBook\pom.xml.
2014-07-03 20:30:06,119 [Worker-114] INFO  o.e.m.i.launch.MavenLaunchDelegate - C:\Users\Kim\Documents\GitHub\GuestBook\GuestBook
2014-07-03 20:30:06,119 [Worker-114] INFO  o.e.m.i.launch.MavenLaunchDelegate -  mvn  -B clean
2014-07-03 20:30:13,924 [main] INFO  o.e.m2e.actions.ExecutePomAction - Creating new launch configuration
2014-07-03 20:30:21,383 [Worker-114] INFO  o.e.m.i.launch.MavenLaunchDelegate - C:\Users\Kim\Documents\GitHub\GuestBook\GuestBook
2014-07-03 20:30:21,383 [Worker-114] INFO  o.e.m.i.launch.MavenLaunchDelegate -  mvn  -B compile -e -X
2014-07-03 20:40:35,006 [main] INFO  o.e.m2e.actions.ExecutePomAction - Creating new launch configuration
2014-07-03 20:40:39,519 [Worker-124] INFO  o.e.m.i.launch.MavenLaunchDelegate - C:\Users\Kim\Documents\GitHub\GuestBook\GuestBook
2014-07-03 20:40:39,519 [Worker-124] INFO  o.e.m.i.launch.MavenLaunchDelegate -  mvn  -B compile -e -X
2014-07-03 20:41:39,607 [main] INFO  o.e.m2e.actions.ExecutePomAction - Creating new launch configuration
2014-07-03 20:41:45,916 [Worker-121] INFO  o.e.m.i.launch.MavenLaunchDelegate - C:\Users\Kim\Documents\GitHub\GuestBook\GuestBook
2014-07-03 20:41:45,916 [Worker-121] INFO  o.e.m.i.launch.MavenLaunchDelegate -  mvn  -B compile -e -X
2014-07-03 20:42:15,481 [Worker-121] INFO  o.e.m.i.launch.MavenLaunchDelegate - C:\Users\Kim\Documents\GitHub\GuestBook\GuestBook
2014-07-03 20:42:15,481 [Worker-121] INFO  o.e.m.i.launch.MavenLaunchDelegate -  mvn  -B test
2014-07-03 20:52:12,688 [Worker-120] INFO  o.e.m.i.launch.MavenLaunchDelegate - C:\Users\Kim\Documents\GitHub\GuestBook\GuestBook
2014-07-03 20:52:12,688 [Worker-120] INFO  o.e.m.i.launch.MavenLaunchDelegate -  mvn  -B clean
2014-07-03 20:52:20,693 [main] INFO  o.e.m2e.actions.ExecutePomAction - Creating new launch configuration
2014-07-03 20:52:28,466 [Worker-127] INFO  o.e.m.i.launch.MavenLaunchDelegate - C:\Users\Kim\Documents\GitHub\GuestBook\GuestBook
2014-07-03 20:52:28,467 [Worker-127] INFO  o.e.m.i.launch.MavenLaunchDelegate -  mvn  -B compile -e -X
2014-07-03 20:52:48,864 [main] INFO  o.e.m2e.actions.ExecutePomAction - Creating new launch configuration
2014-07-03 20:52:55,593 [Worker-120] INFO  o.e.m.i.launch.MavenLaunchDelegate - C:\Users\Kim\Documents\GitHub\GuestBook\GuestBook
2014-07-03 20:52:55,593 [Worker-120] INFO  o.e.m.i.launch.MavenLaunchDelegate -  mvn  -B compile -e -X
