2014-07-06 19:58:09,339 [Worker-3] INFO  o.e.m.c.i.l.LifecycleMappingFactory - Using org.maven.ide.eclipse.wtp.WarLifecycleMapping lifecycle mapping for MavenProject: com.nhnent:board:1.0.0-BUILD-SNAPSHOT @ C:\Users\Kim\Documents\GitHub\guest-book\Guest_Book\pom.xml.
2014-07-06 19:58:10,137 [Worker-5] INFO  o.e.m.c.i.l.LifecycleMappingFactory - Using org.maven.ide.eclipse.wtp.WarLifecycleMapping lifecycle mapping for MavenProject: com.nhnent:board:1.0.0-BUILD-SNAPSHOT @ C:\Users\Kim\Documents\GitHub\guest-book\Guest_Book\pom.xml.
2014-07-06 19:58:12,767 [Worker-5] WARN  o.e.m.c.i.embedder.EclipseLogger - Using platform encoding (MS949 actually) to copy filtered resources, i.e. build is platform dependent!
2014-07-06 19:58:12,772 [Worker-5] INFO  o.e.m.c.i.embedder.EclipseLogger - Copying 2 resources
2014-07-06 19:58:12,785 [Worker-5] WARN  o.e.m.c.i.embedder.EclipseLogger - Using platform encoding (MS949 actually) to copy filtered resources, i.e. build is platform dependent!
2014-07-06 19:58:12,786 [Worker-5] INFO  o.e.m.c.i.embedder.EclipseLogger - Copying 1 resource
2014-07-06 19:58:14,291 [Worker-3] INFO  o.e.m.c.i.l.LifecycleMappingFactory - Using org.maven.ide.eclipse.wtp.WarLifecycleMapping lifecycle mapping for MavenProject: com.nhnent:board:1.0.0-BUILD-SNAPSHOT @ C:\Users\Kim\Documents\GitHub\guest-book\Guest_Book\pom.xml.
2014-07-06 19:58:17,560 [Worker-2] WARN  o.e.m.c.i.embedder.EclipseLogger - Using platform encoding (MS949 actually) to copy filtered resources, i.e. build is platform dependent!
2014-07-06 19:58:17,562 [Worker-2] INFO  o.e.m.c.i.embedder.EclipseLogger - Copying 2 resources
2014-07-06 19:58:17,570 [Worker-2] WARN  o.e.m.c.i.embedder.EclipseLogger - Using platform encoding (MS949 actually) to copy filtered resources, i.e. build is platform dependent!
2014-07-06 19:58:17,572 [Worker-2] INFO  o.e.m.c.i.embedder.EclipseLogger - Copying 1 resource
2014-07-06 19:58:32,569 [Worker-10] INFO  o.e.m.i.launch.MavenLaunchDelegate - C:\Users\Kim\Documents\GitHub\guest-book\Guest_Book
2014-07-06 19:58:32,569 [Worker-10] INFO  o.e.m.i.launch.MavenLaunchDelegate -  mvn  -B clean
2014-07-06 19:58:34,474 [Worker-0] WARN  o.e.m.c.i.embedder.EclipseLogger - Using platform encoding (MS949 actually) to copy filtered resources, i.e. build is platform dependent!
2014-07-06 19:58:34,480 [Worker-0] INFO  o.e.m.c.i.embedder.EclipseLogger - Copying 2 resources
2014-07-06 19:58:34,487 [Worker-0] WARN  o.e.m.c.i.embedder.EclipseLogger - Using platform encoding (MS949 actually) to copy filtered resources, i.e. build is platform dependent!
2014-07-06 19:58:34,488 [Worker-0] INFO  o.e.m.c.i.embedder.EclipseLogger - Copying 1 resource
2014-07-06 19:58:37,087 [Worker-2] INFO  o.e.m.i.launch.MavenLaunchDelegate - C:\Users\Kim\Documents\GitHub\guest-book\Guest_Book
2014-07-06 19:58:37,088 [Worker-2] INFO  o.e.m.i.launch.MavenLaunchDelegate -  mvn  -B install
2014-07-06 19:58:39,385 [Worker-8] WARN  o.e.m.c.i.embedder.EclipseLogger - Using platform encoding (MS949 actually) to copy filtered resources, i.e. build is platform dependent!
2014-07-06 19:58:39,387 [Worker-8] INFO  o.e.m.c.i.embedder.EclipseLogger - Copying 0 resource
2014-07-06 19:58:39,389 [Worker-8] WARN  o.e.m.c.i.embedder.EclipseLogger - Using platform encoding (MS949 actually) to copy filtered resources, i.e. build is platform dependent!
2014-07-06 19:58:39,390 [Worker-8] INFO  o.e.m.c.i.embedder.EclipseLogger - Copying 0 resource
2014-07-06 19:58:47,126 [Worker-2] INFO  o.e.m.i.launch.MavenLaunchDelegate - C:\Users\Kim\Documents\GitHub\guest-book\Guest_Book
2014-07-06 19:58:47,128 [Worker-2] INFO  o.e.m.i.launch.MavenLaunchDelegate -  mvn  -B clean
2014-07-06 19:58:49,091 [Worker-1] WARN  o.e.m.c.i.embedder.EclipseLogger - Using platform encoding (MS949 actually) to copy filtered resources, i.e. build is platform dependent!
2014-07-06 19:58:49,093 [Worker-1] INFO  o.e.m.c.i.embedder.EclipseLogger - Copying 2 resources
2014-07-06 19:58:49,098 [Worker-1] WARN  o.e.m.c.i.embedder.EclipseLogger - Using platform encoding (MS949 actually) to copy filtered resources, i.e. build is platform dependent!
2014-07-06 19:58:49,099 [Worker-1] INFO  o.e.m.c.i.embedder.EclipseLogger - Copying 1 resource
2014-07-06 19:58:51,304 [Worker-9] INFO  o.e.m.i.launch.MavenLaunchDelegate - C:\Users\Kim\Documents\GitHub\guest-book\Guest_Book
2014-07-06 19:58:51,304 [Worker-9] INFO  o.e.m.i.launch.MavenLaunchDelegate -  mvn  -B install
2014-07-06 19:58:53,462 [Worker-8] WARN  o.e.m.c.i.embedder.EclipseLogger - Using platform encoding (MS949 actually) to copy filtered resources, i.e. build is platform dependent!
2014-07-06 19:58:53,463 [Worker-8] INFO  o.e.m.c.i.embedder.EclipseLogger - Copying 0 resource
2014-07-06 19:58:53,465 [Worker-8] WARN  o.e.m.c.i.embedder.EclipseLogger - Using platform encoding (MS949 actually) to copy filtered resources, i.e. build is platform dependent!
2014-07-06 19:58:53,466 [Worker-8] INFO  o.e.m.c.i.embedder.EclipseLogger - Copying 0 resource
2014-07-06 19:59:15,027 [main] INFO  o.e.m2e.actions.ExecutePomAction - Creating new launch configuration
2014-07-06 19:59:23,100 [Worker-7] INFO  o.e.m.i.launch.MavenLaunchDelegate - C:\Users\Kim\Documents\GitHub\guest-book\Guest_Book
2014-07-06 19:59:23,101 [Worker-7] INFO  o.e.m.i.launch.MavenLaunchDelegate -  mvn  -B install -e -X
